<?xml version="1.0" encoding="UTF-8" ?>
<testsuite tests="1" failures="0" name="javaeetutorial.standalone.ejb.StandaloneBeanTest" time="10.074" errors="1" skipped="0">
  <properties>
    <property name="java.runtime.name" value="Java(TM) SE Runtime Environment"/>
    <property name="java.vm.version" value="13+33"/>
    <property name="sun.boot.library.path" value="/Library/Java/JavaVirtualMachines/jdk-13.jdk/Contents/Home/lib"/>
    <property name="maven.multiModuleProjectDirectory" value="/Users/garbi/SwitchDrive/Teaching/Courses/Current/Fall/Software Architecture/Code/JavaEE Tutorial/tutorial-examples-master/ejb/standalone"/>
    <property name="java.vm.vendor" value="Oracle Corporation"/>
    <property name="java.vendor.url" value="https://java.oracle.com/"/>
    <property name="guice.disable.misplaced.annotation.check" value="true"/>
    <property name="path.separator" value=":"/>
    <property name="java.vm.name" value="Java HotSpot(TM) 64-Bit Server VM"/>
    <property name="user.country" value="CH"/>
    <property name="sun.java.launcher" value="SUN_STANDARD"/>
    <property name="java.vm.specification.name" value="Java Virtual Machine Specification"/>
    <property name="user.dir" value="/Users/garbi/SwitchDrive/Teaching/Courses/Current/Fall/Software Architecture/Code/JavaEE Tutorial/tutorial-examples-master/ejb/standalone"/>
    <property name="java.vm.compressedOopsMode" value="Zero based"/>
    <property name="java.runtime.version" value="13+33"/>
    <property name="os.arch" value="x86_64"/>
    <property name="java.io.tmpdir" value="/var/folders/9k/64w4yp_91qg53wfc03htvlp80000gp/T/"/>
    <property name="line.separator" value="
"/>
    <property name="java.vm.specification.vendor" value="Oracle Corporation"/>
    <property name="os.name" value="Mac OS X"/>
    <property name="maven.ext.class.path" value="/Applications/NetBeans/Apache NetBeans 11.1.app/Contents/Resources/NetBeans/java/maven-nblib/netbeans-eventspy.jar"/>
    <property name="classworlds.conf" value="/Applications/NetBeans/Apache NetBeans 11.1.app/Contents/Resources/NetBeans/java/maven/bin/m2.conf"/>
    <property name="sun.jnu.encoding" value="UTF-8"/>
    <property name="java.library.path" value="/Users/garbi/Library/Java/Extensions:/Library/Java/Extensions:/Network/Library/Java/Extensions:/System/Library/Java/Extensions:/usr/lib/java:."/>
    <property name="jdk.debug" value="release"/>
    <property name="java.class.version" value="57.0"/>
    <property name="java.specification.name" value="Java Platform API Specification"/>
    <property name="sun.management.compiler" value="HotSpot 64-Bit Tiered Compilers"/>
    <property name="os.version" value="10.14.6"/>
    <property name="http.nonProxyHosts" value="local|*.local|169.254/16|*.169.254/16"/>
    <property name="user.home" value="/Users/garbi"/>
    <property name="user.timezone" value="Europe/Zurich"/>
    <property name="file.encoding" value="UTF-8"/>
    <property name="java.specification.version" value="13"/>
    <property name="user.name" value="garbi"/>
    <property name="java.class.path" value="/Applications/NetBeans/Apache NetBeans 11.1.app/Contents/Resources/NetBeans/java/maven/boot/plexus-classworlds-2.5.2.jar"/>
    <property name="java.vm.specification.version" value="13"/>
    <property name="sun.arch.data.model" value="64"/>
    <property name="sun.java.command" value="org.codehaus.plexus.classworlds.launcher.Launcher -Dmaven.ext.class.path=/Applications/NetBeans/Apache NetBeans 11.1.app/Contents/Resources/NetBeans/java/maven-nblib/netbeans-eventspy.jar test"/>
    <property name="java.home" value="/Library/Java/JavaVirtualMachines/jdk-13.jdk/Contents/Home"/>
    <property name="user.language" value="en"/>
    <property name="java.specification.vendor" value="Oracle Corporation"/>
    <property name="java.vm.info" value="mixed mode, sharing"/>
    <property name="java.version" value="13"/>
    <property name="java.vendor" value="Oracle Corporation"/>
    <property name="maven.home" value="/Applications/NetBeans/Apache NetBeans 11.1.app/Contents/Resources/NetBeans/java/maven"/>
    <property name="file.separator" value="/"/>
    <property name="java.version.date" value="2019-09-17"/>
    <property name="java.vendor.url.bug" value="https://bugreport.java.com/bugreport/"/>
    <property name="sun.io.unicode.encoding" value="UnicodeBig"/>
    <property name="sun.cpu.endian" value="little"/>
    <property name="socksNonProxyHosts" value="local|*.local|169.254/16|*.169.254/16"/>
    <property name="ftp.nonProxyHosts" value="local|*.local|169.254/16|*.169.254/16"/>
  </properties>
  <testcase classname="javaeetutorial.standalone.ejb.StandaloneBeanTest" name="testReturnMessage" time="10.074">
    <error message="Failed to deploy EJB modules - see log for details" type="javax.ejb.EJBException">javax.ejb.EJBException: Failed to deploy EJB modules - see log for details
	at org.glassfish.ejb.embedded.EJBContainerImpl.deploy(EJBContainerImpl.java:149)
	at org.glassfish.ejb.embedded.EJBContainerProviderImpl.createEJBContainer(EJBContainerProviderImpl.java:134)
	at javax.ejb.embeddable.EJBContainer.createEJBContainer(EJBContainer.java:127)
	at javax.ejb.embeddable.EJBContainer.createEJBContainer(EJBContainer.java:102)
	at javaeetutorial.standalone.ejb.StandaloneBeanTest.setUp(StandaloneBeanTest.java:33)
	at java.base/jdk.internal.reflect.NativeMethodAccessorImpl.invoke0(Native Method)
	at java.base/jdk.internal.reflect.NativeMethodAccessorImpl.invoke(NativeMethodAccessorImpl.java:62)
	at java.base/jdk.internal.reflect.DelegatingMethodAccessorImpl.invoke(DelegatingMethodAccessorImpl.java:43)
	at java.base/java.lang.reflect.Method.invoke(Method.java:567)
	at org.junit.runners.model.FrameworkMethod$1.runReflectiveCall(FrameworkMethod.java:47)
	at org.junit.internal.runners.model.ReflectiveCallable.run(ReflectiveCallable.java:12)
	at org.junit.runners.model.FrameworkMethod.invokeExplosively(FrameworkMethod.java:44)
	at org.junit.internal.runners.statements.RunBefores.evaluate(RunBefores.java:24)
	at org.junit.internal.runners.statements.RunAfters.evaluate(RunAfters.java:27)
	at org.junit.runners.ParentRunner.runLeaf(ParentRunner.java:271)
	at org.junit.runners.BlockJUnit4ClassRunner.runChild(BlockJUnit4ClassRunner.java:70)
	at org.junit.runners.BlockJUnit4ClassRunner.runChild(BlockJUnit4ClassRunner.java:50)
	at org.junit.runners.ParentRunner$3.run(ParentRunner.java:238)
	at org.junit.runners.ParentRunner$1.schedule(ParentRunner.java:63)
	at org.junit.runners.ParentRunner.runChildren(ParentRunner.java:236)
	at org.junit.runners.ParentRunner.access$000(ParentRunner.java:53)
	at org.junit.runners.ParentRunner$2.evaluate(ParentRunner.java:229)
	at org.junit.runners.ParentRunner.run(ParentRunner.java:309)
	at org.apache.maven.surefire.junit4.JUnit4Provider.execute(JUnit4Provider.java:252)
	at org.apache.maven.surefire.junit4.JUnit4Provider.executeTestSet(JUnit4Provider.java:141)
	at org.apache.maven.surefire.junit4.JUnit4Provider.invoke(JUnit4Provider.java:112)
	at java.base/jdk.internal.reflect.NativeMethodAccessorImpl.invoke0(Native Method)
	at java.base/jdk.internal.reflect.NativeMethodAccessorImpl.invoke(NativeMethodAccessorImpl.java:62)
	at java.base/jdk.internal.reflect.DelegatingMethodAccessorImpl.invoke(DelegatingMethodAccessorImpl.java:43)
	at java.base/java.lang.reflect.Method.invoke(Method.java:567)
	at org.apache.maven.surefire.util.ReflectionUtils.invokeMethodWithArray(ReflectionUtils.java:189)
	at org.apache.maven.surefire.booter.ProviderFactory$ProviderProxy.invoke(ProviderFactory.java:165)
	at org.apache.maven.surefire.booter.ProviderFactory.invokeProvider(ProviderFactory.java:85)
	at org.apache.maven.surefire.booter.ForkedBooter.runSuitesInProcess(ForkedBooter.java:115)
	at org.apache.maven.surefire.booter.ForkedBooter.main(ForkedBooter.java:75)
</error>
    <system-out>Found populator: org.glassfish.kernel.embedded.EmbeddedDomainXml
JdbcRuntimeExtension,  getAllSystemRAResourcesAndPools = [GlassFishConfigBean.org.glassfish.jdbc.config.JdbcResource, GlassFishConfigBean.org.glassfish.jdbc.config.JdbcResource, GlassFishConfigBean.org.glassfish.jdbc.config.JdbcConnectionPool, GlassFishConfigBean.org.glassfish.jdbc.config.JdbcConnectionPool]
JdbcRuntimeExtension,  getAllSystemRAResourcesAndPools = [GlassFishConfigBean.org.glassfish.jdbc.config.JdbcResource, GlassFishConfigBean.org.glassfish.jdbc.config.JdbcResource, GlassFishConfigBean.org.glassfish.jdbc.config.JdbcConnectionPool, GlassFishConfigBean.org.glassfish.jdbc.config.JdbcConnectionPool]
</system-out>
    <system-err>Oct 09, 2019 6:45:17 PM org.glassfish.ejb.embedded.EJBContainerProviderImpl getValidFile
WARNING: EJB6008:Specified or calculated application server instance [/Users/garbi/.m2/repository/org/glassfish/main/extras/glassfish-embedded-all/domains/domain1] does not exist.
Oct 09, 2019 6:45:17 PM org.glassfish.ejb.embedded.EJBContainerProviderImpl createContainer
INFO: [EJBContainerProviderImpl] Using runtime class: class com.sun.enterprise.glassfish.bootstrap.StaticGlassFishRuntime
Oct 09, 2019 6:45:22 PM com.sun.enterprise.v3.server.CommonClassLoaderServiceImpl findDerbyClient
INFO: Cannot find javadb client jar file, derby jdbc driver will not be available by default.
Oct 09, 2019 6:45:22 PM com.sun.enterprise.v3.services.impl.GrizzlyService createNetworkProxy
INFO: Network listener http-listener on port 0 disabled per domain.xml
Oct 09, 2019 6:45:22 PM com.sun.enterprise.v3.services.impl.GrizzlyService createNetworkProxy
INFO: Network listener https-listener on port 0 disabled per domain.xml
Oct 09, 2019 6:45:22 PM org.hibernate.validator.internal.util.Version &lt;clinit&gt;
INFO: HV000001: Hibernate Validator 5.0.0.Final
Oct 09, 2019 6:45:23 PM com.sun.enterprise.v3.server.ApplicationLoaderService postConstruct
WARNING: Exception occurred while satisfying optional package dependencies
java.lang.NullPointerException
	at java.base/java.util.StringTokenizer.&lt;init&gt;(StringTokenizer.java:199)
	at java.base/java.util.StringTokenizer.&lt;init&gt;(StringTokenizer.java:221)
	at org.glassfish.deployment.common.InstalledLibrariesResolver.initializeInstalledLibRegistryForExtDirs(InstalledLibrariesResolver.java:140)
	at org.glassfish.deployment.common.InstalledLibrariesResolver.initializeInstalledLibRegistry(InstalledLibrariesResolver.java:131)
	at com.sun.enterprise.v3.server.ApplicationLoaderService.postConstruct(ApplicationLoaderService.java:163)
	at org.jvnet.hk2.internal.ClazzCreator.postConstructMe(ClazzCreator.java:281)
	at org.jvnet.hk2.internal.ClazzCreator.create(ClazzCreator.java:328)
	at org.jvnet.hk2.internal.SystemDescriptor.create(SystemDescriptor.java:448)
	at org.glassfish.hk2.runlevel.internal.AsyncRunLevelContext.findOrCreate(AsyncRunLevelContext.java:163)
	at org.jvnet.hk2.internal.Utilities.createService(Utilities.java:2204)
	at org.jvnet.hk2.internal.ServiceHandleImpl.getService(ServiceHandleImpl.java:93)
	at org.glassfish.hk2.runlevel.internal.CurrentTaskFuture$QueueRunner.oneJob(CurrentTaskFuture.java:673)
	at org.glassfish.hk2.runlevel.internal.CurrentTaskFuture$QueueRunner.run(CurrentTaskFuture.java:660)
	at org.glassfish.hk2.runlevel.internal.CurrentTaskFuture$UpOneJob.run(CurrentTaskFuture.java:490)
	at org.glassfish.hk2.runlevel.internal.CurrentTaskFuture$UpAllTheWay.go(CurrentTaskFuture.java:362)
	at org.glassfish.hk2.runlevel.internal.CurrentTaskFuture$UpAllTheWay.access$100(CurrentTaskFuture.java:279)
	at org.glassfish.hk2.runlevel.internal.CurrentTaskFuture.go(CurrentTaskFuture.java:113)
	at org.glassfish.hk2.runlevel.internal.AsyncRunLevelContext.proceedTo(AsyncRunLevelContext.java:296)
	at org.glassfish.hk2.runlevel.internal.RunLevelControllerImpl.proceedTo(RunLevelControllerImpl.java:66)
	at com.sun.enterprise.v3.server.AppServerStartup.proceedTo(AppServerStartup.java:532)
	at com.sun.enterprise.v3.server.AppServerStartup.run(AppServerStartup.java:329)
	at com.sun.enterprise.v3.server.AppServerStartup.doStart(AppServerStartup.java:226)
	at com.sun.enterprise.v3.server.AppServerStartup.start(AppServerStartup.java:217)
	at com.sun.enterprise.glassfish.bootstrap.GlassFishImpl.start(GlassFishImpl.java:79)
	at org.glassfish.ejb.embedded.EJBContainerImpl.&lt;init&gt;(EJBContainerImpl.java:100)
	at org.glassfish.ejb.embedded.EJBContainerProviderImpl.createContainer(EJBContainerProviderImpl.java:221)
	at org.glassfish.ejb.embedded.EJBContainerProviderImpl.createEJBContainer(EJBContainerProviderImpl.java:129)
	at javax.ejb.embeddable.EJBContainer.createEJBContainer(EJBContainer.java:127)
	at javax.ejb.embeddable.EJBContainer.createEJBContainer(EJBContainer.java:102)
	at javaeetutorial.standalone.ejb.StandaloneBeanTest.setUp(StandaloneBeanTest.java:33)
	at java.base/jdk.internal.reflect.NativeMethodAccessorImpl.invoke0(Native Method)
	at java.base/jdk.internal.reflect.NativeMethodAccessorImpl.invoke(NativeMethodAccessorImpl.java:62)
	at java.base/jdk.internal.reflect.DelegatingMethodAccessorImpl.invoke(DelegatingMethodAccessorImpl.java:43)
	at java.base/java.lang.reflect.Method.invoke(Method.java:567)
	at org.junit.runners.model.FrameworkMethod$1.runReflectiveCall(FrameworkMethod.java:47)
	at org.junit.internal.runners.model.ReflectiveCallable.run(ReflectiveCallable.java:12)
	at org.junit.runners.model.FrameworkMethod.invokeExplosively(FrameworkMethod.java:44)
	at org.junit.internal.runners.statements.RunBefores.evaluate(RunBefores.java:24)
	at org.junit.internal.runners.statements.RunAfters.evaluate(RunAfters.java:27)
	at org.junit.runners.ParentRunner.runLeaf(ParentRunner.java:271)
	at org.junit.runners.BlockJUnit4ClassRunner.runChild(BlockJUnit4ClassRunner.java:70)
	at org.junit.runners.BlockJUnit4ClassRunner.runChild(BlockJUnit4ClassRunner.java:50)
	at org.junit.runners.ParentRunner$3.run(ParentRunner.java:238)
	at org.junit.runners.ParentRunner$1.schedule(ParentRunner.java:63)
	at org.junit.runners.ParentRunner.runChildren(ParentRunner.java:236)
	at org.junit.runners.ParentRunner.access$000(ParentRunner.java:53)
	at org.junit.runners.ParentRunner$2.evaluate(ParentRunner.java:229)
	at org.junit.runners.ParentRunner.run(ParentRunner.java:309)
	at org.apache.maven.surefire.junit4.JUnit4Provider.execute(JUnit4Provider.java:252)
	at org.apache.maven.surefire.junit4.JUnit4Provider.executeTestSet(JUnit4Provider.java:141)
	at org.apache.maven.surefire.junit4.JUnit4Provider.invoke(JUnit4Provider.java:112)
	at java.base/jdk.internal.reflect.NativeMethodAccessorImpl.invoke0(Native Method)
	at java.base/jdk.internal.reflect.NativeMethodAccessorImpl.invoke(NativeMethodAccessorImpl.java:62)
	at java.base/jdk.internal.reflect.DelegatingMethodAccessorImpl.invoke(DelegatingMethodAccessorImpl.java:43)
	at java.base/java.lang.reflect.Method.invoke(Method.java:567)
	at org.apache.maven.surefire.util.ReflectionUtils.invokeMethodWithArray(ReflectionUtils.java:189)
	at org.apache.maven.surefire.booter.ProviderFactory$ProviderProxy.invoke(ProviderFactory.java:165)
	at org.apache.maven.surefire.booter.ProviderFactory.invokeProvider(ProviderFactory.java:85)
	at org.apache.maven.surefire.booter.ForkedBooter.runSuitesInProcess(ForkedBooter.java:115)
	at org.apache.maven.surefire.booter.ForkedBooter.main(ForkedBooter.java:75)

Oct 09, 2019 6:45:23 PM org.glassfish.security.services.impl.authorization.AuthorizationServiceImpl initialize
INFO: Authorization Service has successfully initialized.
Oct 09, 2019 6:45:23 PM org.glassfish.jersey.server.ApplicationHandler initialize
INFO: Initiating Jersey application, version Jersey: 2.0 2013-05-03 14:50:15...
Oct 09, 2019 6:45:23 PM com.sun.enterprise.security.ssl.impl.SecuritySupportImpl checkCertificateDates
SEVERE: SEC5054: Certificate has expired: [
[
  Version: V3
  Subject: CN=localhost, OU=GlassFish, O=Sun Microsystems, L=Santa Clara, ST=California, C=US
  Signature Algorithm: SHA1withRSA, OID = 1.2.840.113549.1.1.5

  Key:  Sun RSA public key, 1024 bits
  params: null
  modulus: 145607243452859689580129548866124791697266876389020072346169573106005067922351621693980274409566977123703120560397141987498630922827852965950283535196583826176478163336993643826795231487853960699742178569310586812871660687609669142799497192378661602695305819033929044820179434366507221428988785371476479913059
  public exponent: 65537
  Validity: [From: Tue Jul 07 10:27:35 CEST 2009,
               To: Fri Jul 05 10:27:35 CEST 2019]
  Issuer: CN=localhost, OU=GlassFish, O=Sun Microsystems, L=Santa Clara, ST=California, C=US
  SerialNumber: [    4a5306f7]

Certificate Extensions: 1
[1]: ObjectId: 2.5.29.14 Criticality=false
SubjectKeyIdentifier [
KeyIdentifier [
0000: 8F FB 7A 0A BF 38 54 A6   0D 9D CC 28 F8 7A B2 25  ..z..8T....(.z.%
0010: F2 F8 A1 99                                        ....
]
]

]
  Algorithm: [SHA1withRSA]
  Signature:
0000: 7A 53 96 EE 26 C0 6C 06   A5 68 45 43 49 A8 21 B7  zS..&amp;.l..hECI.!.
0010: 03 E3 3C 22 97 76 B0 EC   0C F1 11 C9 D7 67 20 CA  ..&lt;&quot;.v.......g .
0020: E5 0E 29 F8 64 FA C5 5A   FA D9 34 76 39 61 C4 21  ..).d..Z..4v9a.!
0030: 82 A1 C5 27 D8 B7 B3 1B   6C 95 3B 01 6C C3 15 0F  ...&apos;....l.;.l...
0040: B4 4D 50 E3 8F E9 CC 96   CC FF 95 2B 61 7C 30 D4  .MP........+a.0.
0050: B1 00 0F 9E 4C 1B F8 08   DC 4C 30 CC 0E CB FC 92  ....L....L0.....
0060: B3 C5 D5 F5 01 84 33 40   CA 42 B1 A3 2C 88 89 B9  ......3@.B..,...
0070: 04 90 F3 2C C5 FA E4 A2   DC 16 17 4A 02 A7 ED 94  ...,.......J....

]
Oct 09, 2019 6:45:23 PM com.sun.enterprise.security.ssl.impl.SecuritySupportImpl checkCertificateDates
SEVERE: SEC5054: Certificate has expired: [
[
  Version: V3
  Subject: CN=UTN-USERFirst-Client Authentication and Email, OU=http://www.usertrust.com, O=The USERTRUST Network, L=Salt Lake City, ST=UT, C=US
  Signature Algorithm: SHA1withRSA, OID = 1.2.840.113549.1.1.5

  Key:  Sun RSA public key, 2048 bits
  params: null
  modulus: 22498783463083432959284168386409369291955038543860490014652552599946227610701597170140025777460440051576940055114151688564424450502962692946914121648464149848971060576483061771422853543951215013563325278089962342124385107871785292348304269132449951488798696535892014442011779480523971888046182115783313222830528011595242687378120162559160959607028365210240184157701430166819711652309059420982812476846459005227651384919840114419411479826761790470294309563612921306187982315796035562139890571490770636907160827366435324974533991196628542326996888957757240366713401462322756766583136758771465334269521766556285170101483
  public exponent: 65537
  Validity: [From: Fri Jul 09 19:28:50 CEST 1999,
               To: Tue Jul 09 19:36:58 CEST 2019]
  Issuer: CN=UTN-USERFirst-Client Authentication and Email, OU=http://www.usertrust.com, O=The USERTRUST Network, L=Salt Lake City, ST=UT, C=US
  SerialNumber: [    44be0c8b 500024b4 11d33625 2567c989]

Certificate Extensions: 5
[1]: ObjectId: 2.5.29.19 Criticality=true
BasicConstraints:[
  CA:true
  PathLen:2147483647
]

[2]: ObjectId: 2.5.29.31 Criticality=false
CRLDistributionPoints [
  [DistributionPoint:
     [URIName: http://crl.usertrust.com/UTN-USERFirst-ClientAuthenticationandEmail.crl]
]]

[3]: ObjectId: 2.5.29.37 Criticality=false
ExtendedKeyUsages [
  clientAuth
  emailProtection
]

[4]: ObjectId: 2.5.29.15 Criticality=false
KeyUsage [
  DigitalSignature
  Non_repudiation
  Key_CertSign
  Crl_Sign
]

[5]: ObjectId: 2.5.29.14 Criticality=false
SubjectKeyIdentifier [
KeyIdentifier [
0000: 89 82 67 7D C4 9D 26 70   00 4B B4 50 48 7C DE 3D  ..g...&amp;p.K.PH..=
0010: AE 04 6E 7D                                        ..n.
]
]

]
  Algorithm: [SHA1withRSA]
  Signature:
0000: B1 6D 61 5D A6 1A 7F 7C   AB 4A E4 30 FC 53 6F 25  .ma].....J.0.So%
0010: 24 C6 CA ED E2 31 5C 2B   0E EE EE 61 55 6F 04 3E  $....1\+...aUo.&gt;
0020: CF 39 DE C5 1B 49 94 E4   EB 20 4C B4 E6 9E 50 2E  .9...I... L...P.
0030: 72 D9 8D F5 AA A3 B3 4A   DA 56 1C 60 97 80 DC 82  r......J.V.`....
0040: A2 AD 4A BD 8A 2B FF 0B   09 B4 C6 D7 20 04 45 E4  ..J..+...... .E.
0050: CD 80 01 BA BA 2B 6E CE   AA D7 92 FE E4 AF EB F4  .....+n.........
0060: 26 1D 16 2A 7F 6C 30 95   37 2F 33 12 AC 7F DD C7  &amp;..*.l0.7/3.....
0070: D1 11 8C 51 98 B2 D0 A3   91 D0 AD F6 9F 9E 83 93  ...Q............
0080: 1E 1D 42 B8 46 AF 6B 66   F0 9B 7F EA E3 03 02 E5  ..B.F.kf........
0090: 02 51 C1 AA D5 35 9D 72   40 03 89 BA 31 1D C5 10  .Q...5.r@...1...
00A0: 68 52 9E DF A2 85 C5 5C   08 A6 78 E6 53 4F B1 E8  hR.....\..x.SO..
00B0: B7 D3 14 9E 93 A6 C3 64   E3 AC 7E 71 CD BC 9F E9  .......d...q....
00C0: 03 1B CC FB E9 AC 31 C1   AF 7C 15 74 02 99 C3 B2  ......1....t....
00D0: 47 A6 C2 32 61 D7 C7 6F   48 24 51 27 A1 D5 87 55  G..2a..oH$Q&apos;...U
00E0: F2 7B 8F 98 3D 16 9E EE   75 B6 F8 D0 8E F2 F3 C6  ....=...u.......
00F0: AE 28 5B A7 F0 F3 36 17   FC C3 05 D3 CA 03 4A 54  .([...6.......JT

]
Oct 09, 2019 6:45:23 PM com.sun.enterprise.security.ssl.impl.SecuritySupportImpl checkCertificateDates
SEVERE: SEC5054: Certificate has expired: [
[
  Version: V3
  Subject: CN=UTN-USERFirst-Hardware, OU=http://www.usertrust.com, O=The USERTRUST Network, L=Salt Lake City, ST=UT, C=US
  Signature Algorithm: SHA1withRSA, OID = 1.2.840.113549.1.1.5

  Key:  Sun RSA public key, 2048 bits
  params: null
  modulus: 22466356259302802551717801644710772426961610033346260086354613187874976948992939408231525706696424082312691074750378419215078131159281795954920144654718605935197679906085556797948624422433414069415152222961018799445311109402660050773855398735048210134662368151842249721090482023018794719228445589971761770739049283041997902724693769461451095561511601571549326415867445439758570552405170386650731235758337556959840061657652816464180356596151013381613262234005502993382979277514089478656187207322715958205361312797892656063517010992364715520448836463615280405565385053582107461430088577320911814185438558395911112837211
  public exponent: 65537
  Validity: [From: Fri Jul 09 20:10:42 CEST 1999,
               To: Tue Jul 09 20:19:22 CEST 2019]
  Issuer: CN=UTN-USERFirst-Hardware, OU=http://www.usertrust.com, O=The USERTRUST Network, L=Salt Lake City, ST=UT, C=US
  SerialNumber: [    44be0c8b 500024b4 11d3362a fe650afd]

Certificate Extensions: 5
[1]: ObjectId: 2.5.29.19 Criticality=true
BasicConstraints:[
  CA:true
  PathLen:2147483647
]

[2]: ObjectId: 2.5.29.31 Criticality=false
CRLDistributionPoints [
  [DistributionPoint:
     [URIName: http://crl.usertrust.com/UTN-USERFirst-Hardware.crl]
]]

[3]: ObjectId: 2.5.29.37 Criticality=false
ExtendedKeyUsages [
  serverAuth
  ipsecEndSystem
  ipsecTunnel
  ipsecUser
]

[4]: ObjectId: 2.5.29.15 Criticality=false
KeyUsage [
  DigitalSignature
  Non_repudiation
  Key_CertSign
  Crl_Sign
]

[5]: ObjectId: 2.5.29.14 Criticality=false
SubjectKeyIdentifier [
KeyIdentifier [
0000: A1 72 5F 26 1B 28 98 43   95 5D 07 37 D5 85 96 9D  .r_&amp;.(.C.].7....
0010: 4B D2 C3 45                                        K..E
]
]

]
  Algorithm: [SHA1withRSA]
  Signature:
0000: 47 19 0F DE 74 C6 99 97   AF FC AD 28 5E 75 8E EB  G...t......(^u..
0010: 2D 67 EE 4E 7B 2B D7 0C   FF F6 DE CB 55 A2 0A E1  -g.N.+......U...
0020: 4C 54 65 93 60 6B 9F 12   9C AD 5E 83 2C EB 5A AE  LTe.`k....^.,.Z.
0030: C0 E4 2D F4 00 63 1D B8   C0 6C F2 CF 49 BB 4D 93  ..-..c...l..I.M.
0040: 6F 06 A6 0A 22 B2 49 62   08 4E FF C8 C8 14 B2 88  o...&quot;.Ib.N......
0050: 16 5D E7 01 E4 12 95 E5   45 34 B3 8B 69 BD CF B4  .]......E4..i...
0060: 85 8F 75 51 9E 7D 3A 38   3A 14 48 12 C6 FB A7 3B  ..uQ..:8:.H....;
0070: 1A 8D 0D 82 40 07 E8 04   08 90 A1 89 CB 19 50 DF  ....@.........P.
0080: CA 1C 01 BC 1D 04 19 7B   10 76 97 3B EE 90 90 CA  .........v.;....
0090: C4 0E 1F 16 6E 75 EF 33   F8 D3 6F 5B 1E 96 E3 E0  ....nu.3..o[....
00A0: 74 77 74 7B 8A A2 6E 2D   DD 76 D6 39 30 82 F0 AB  twt...n-.v.90...
00B0: 9C 52 F2 2A C7 AF 49 5E   7E C7 68 E5 82 81 C8 6A  .R.*..I^..h....j
00C0: 27 F9 27 88 2A D5 58 50   95 1F F0 3B 1C 57 BB 7D  &apos;.&apos;.*.XP...;.W..
00D0: 14 39 62 2B 9A C9 94 92   2A A3 22 0C FF 89 26 7D  .9b+....*.&quot;...&amp;.
00E0: 5F 23 2B 47 D7 15 1D A9   6A 9E 51 0D 2A 51 9E 81  _#+G....j.Q.*Q..
00F0: F9 D4 3B 5E 70 12 7F 10   32 9C 1E BB 9D F8 66 A8  ..;^p...2.....f.

]
Oct 09, 2019 6:45:23 PM com.sun.enterprise.security.ssl.impl.SecuritySupportImpl checkCertificateDates
SEVERE: SEC5054: Certificate has expired: [
[
  Version: V3
  Subject: OU=Equifax Secure Certificate Authority, O=Equifax, C=US
  Signature Algorithm: SHA1withRSA, OID = 1.2.840.113549.1.1.5

  Key:  Sun RSA public key, 1024 bits
  params: null
  modulus: 135786214035069526348186531221551781468391756233528066061569654028671100866720352830303278016129003918213826297308054231261658522889438712013757624116391437358730449661353175673177742307421061340003741057138887918110217006515773038453829253517076741780039735595086881329494037450587568122088113584549069375417
  public exponent: 65537
  Validity: [From: Sat Aug 22 18:41:51 CEST 1998,
               To: Wed Aug 22 18:41:51 CEST 2018]
  Issuer: OU=Equifax Secure Certificate Authority, O=Equifax, C=US
  SerialNumber: [    35def4cf]

Certificate Extensions: 7
[1]: ObjectId: 1.2.840.113533.7.65.0 Criticality=false
Extension unknown: DER encoded OCTET string =
0000: 04 0D 30 0B 1B 05 56 33   2E 30 63 03 02 06 C0     ..0...V3.0c....


[2]: ObjectId: 2.5.29.35 Criticality=false
AuthorityKeyIdentifier [
KeyIdentifier [
0000: 48 E6 68 F9 2B D2 B2 95   D7 47 D8 23 20 10 4F 33  H.h.+....G.# .O3
0010: 98 90 9F D4                                        ....
]
]

[3]: ObjectId: 2.5.29.19 Criticality=false
BasicConstraints:[
  CA:true
  PathLen:2147483647
]

[4]: ObjectId: 2.5.29.31 Criticality=false
CRLDistributionPoints [
  [DistributionPoint:
     [CN=CRL1, OU=Equifax Secure Certificate Authority, O=Equifax, C=US]
]]

[5]: ObjectId: 2.5.29.15 Criticality=false
KeyUsage [
  Key_CertSign
  Crl_Sign
]

[6]: ObjectId: 2.5.29.16 Criticality=false
PrivateKeyUsage: [
To: Wed Aug 22 18:41:51 CEST 2018]

[7]: ObjectId: 2.5.29.14 Criticality=false
SubjectKeyIdentifier [
KeyIdentifier [
0000: 48 E6 68 F9 2B D2 B2 95   D7 47 D8 23 20 10 4F 33  H.h.+....G.# .O3
0010: 98 90 9F D4                                        ....
]
]

]
  Algorithm: [SHA1withRSA]
  Signature:
0000: 58 CE 29 EA FC F7 DE B5   CE 02 B9 17 B5 85 D1 B9  X.).............
0010: E3 E0 95 CC 25 31 0D 00   A6 92 6E 7F B6 92 63 9E  ....%1....n...c.
0020: 50 95 D1 9A 6F E4 11 DE   63 85 6E 98 EE A8 FF 5A  P...o...c.n....Z
0030: C8 D3 55 B2 66 71 57 DE   C0 21 EB 3D 2A A7 23 49  ..U.fqW..!.=*.#I
0040: 01 04 86 42 7B FC EE 7F   A2 16 52 B5 67 67 D3 40  ...B......R.gg.@
0050: DB 3B 26 58 B2 28 77 3D   AE 14 77 61 D6 FA 2A 66  .;&amp;X.(w=..wa..*f
0060: 27 A0 0D FA A7 73 5C EA   70 F1 94 21 65 44 5F FA  &apos;....s\.p..!eD_.
0070: FC EF 29 68 A9 A2 87 79   EF 79 EF 4F AC 07 77 38  ..)h...y.y.O..w8

]
Oct 09, 2019 6:45:23 PM com.sun.enterprise.security.ssl.impl.SecuritySupportImpl checkCertificateDates
SEVERE: SEC5054: Certificate has expired: [
[
  Version: V1
  Subject: EMAILADDRESS=info@valicert.com, CN=http://www.valicert.com/, OU=ValiCert Class 1 Policy Validation Authority, O=&quot;ValiCert, Inc.&quot;, L=ValiCert Validation Network
  Signature Algorithm: SHA1withRSA, OID = 1.2.840.113549.1.1.5

  Key:  Sun RSA public key, 1024 bits
  params: null
  modulus: 151925888865184058874596115697730858614669202904769539704127201646756051534655032055038307213409211434232006871742531947988573725777089613115182024490816865656158552458656885327170084896923777999088309064172252953507954380307187005509476625887177487300137191089047376069803199185872063354381508052921226182513
  public exponent: 65537
  Validity: [From: Sat Jun 26 00:23:48 CEST 1999,
               To: Wed Jun 26 00:23:48 CEST 2019]
  Issuer: EMAILADDRESS=info@valicert.com, CN=http://www.valicert.com/, OU=ValiCert Class 1 Policy Validation Authority, O=&quot;ValiCert, Inc.&quot;, L=ValiCert Validation Network
  SerialNumber: [    01]

]
  Algorithm: [SHA1withRSA]
  Signature:
0000: 50 68 3D 49 F4 2C 1C 06   94 DF 95 60 7F 96 7B 17  Ph=I.,.....`....
0010: FE 4F 71 AD 64 C8 DD 77   D2 EF 59 55 E8 3F E8 8E  .Oq.d..w..YU.?..
0020: 05 2A 21 F2 07 D2 B5 A7   52 FE 9C B1 B6 E2 5B 77  .*!.....R.....[w
0030: 17 40 EA 72 D6 23 CB 28   81 32 C3 00 79 18 EC 59  .@.r.#.(.2..y..Y
0040: 17 89 C9 C6 6A 1E 71 C9   FD B7 74 A5 25 45 69 C5  ....j.q...t.%Ei.
0050: 48 AB 19 E1 45 8A 25 6B   19 EE E5 BB 12 F5 7F F7  H...E.%k........
0060: A6 8D 51 C3 F0 9D 74 B7   A9 3E A0 A5 FF B6 49 03  ..Q...t..&gt;....I.
0070: 13 DA 22 CC ED 71 82 2B   99 CF 3A B7 F5 2D 72 C8  ..&quot;..q.+..:..-r.

]
Oct 09, 2019 6:45:23 PM com.sun.enterprise.security.ssl.impl.SecuritySupportImpl checkCertificateDates
SEVERE: SEC5054: Certificate has expired: [
[
  Version: V3
  Subject: CN=Deutsche Telekom Root CA 2, OU=T-TeleSec Trust Center, O=Deutsche Telekom AG, C=DE
  Signature Algorithm: SHA1withRSA, OID = 1.2.840.113549.1.1.5

  Key:  Sun RSA public key, 2048 bits
  params: null
  modulus: 21592488834472721835828923313267221681805681560816613665117041067418990628699422224541254881572840018756975149874502129398529690135936622683711503874225941028227513056091445982024526423239271903233756224518597826922911539049531994350382435126606426875761918197347607336633222436005626297159414389201765113308100318618288288291485154604265616398148296650155165318384289355945126554105645039541404960531031242256759730414072461724450991364449022227333471969448508379191402045485854015177532248310281723157915707656855986344971996618557740103577115665148480410347160129515545343296359775806391716937455257572333597903487
  public exponent: 65537
  Validity: [From: Fri Jul 09 14:11:00 CEST 1999,
               To: Wed Jul 10 01:59:00 CEST 2019]
  Issuer: CN=Deutsche Telekom Root CA 2, OU=T-TeleSec Trust Center, O=Deutsche Telekom AG, C=DE
  SerialNumber: [    26]

Certificate Extensions: 3
[1]: ObjectId: 2.5.29.19 Criticality=false
BasicConstraints:[
  CA:true
  PathLen:5
]

[2]: ObjectId: 2.5.29.15 Criticality=true
KeyUsage [
  Key_CertSign
  Crl_Sign
]

[3]: ObjectId: 2.5.29.14 Criticality=false
SubjectKeyIdentifier [
KeyIdentifier [
0000: 31 C3 79 1B BA F5 53 D7   17 E0 89 7A 2D 17 6C 0A  1.y...S....z-.l.
0010: B3 2B 9D 33                                        .+.3
]
]

]
  Algorithm: [SHA1withRSA]
  Signature:
0000: 94 64 59 AD 39 64 E7 29   EB 13 FE 5A C3 8B 13 57  .dY.9d.)...Z...W
0010: C8 04 24 F0 74 77 C0 60   E3 67 FB E9 89 A6 83 BF  ..$.tw.`.g......
0020: 96 82 7C 6E D4 C3 3D EF   9E 80 6E BB 29 B4 98 7A  ...n..=...n.)..z
0030: B1 3B 54 EB 39 17 47 7E   1A 8E 0B FC 1F 31 59 31  .;T.9.G......1Y1
0040: 04 B2 CE 17 F3 2C C7 62   36 55 E2 22 D8 89 55 B4  .....,.b6U.&quot;..U.
0050: 98 48 AA 64 FA D6 1C 36   D8 44 78 5A 5A 23 3A 57  .H.d...6.DxZZ#:W
0060: 97 F5 7A 30 4F AE 9F 6A   4C 4B 2B 8E A0 03 E3 3E  ..z0O..jLK+....&gt;
0070: E0 A9 D4 D2 7B D2 B3 A8   E2 72 3C AD 9E FF 80 59  .........r&lt;....Y
0080: E4 9B 45 B4 F6 3B B0 CD   39 19 98 32 E5 EA 21 61  ..E..;..9..2..!a
0090: 90 E4 31 21 8E 34 B1 F7   2F 35 4A 85 10 DA E7 8A  ..1!.4../5J.....
00A0: 37 21 BE 59 63 E0 F2 85   88 31 53 D4 54 14 85 70  7!.Yc....1S.T..p
00B0: 79 F4 2E 06 77 27 75 2F   1F B8 8A F9 FE C5 BA D8  y...w&apos;u/........
00C0: 36 E4 83 EC E7 65 B7 BF   63 5A F3 46 AF 81 94 37  6....e..cZ.F...7
00D0: D4 41 8C D6 23 D6 1E CF   F5 68 1B 44 63 A2 5A BA  .A..#....h.Dc.Z.
00E0: A7 35 59 A1 E5 70 05 9B   0E 23 57 99 94 0A 6D BA  .5Y..p...#W...m.
00F0: 39 63 28 86 92 F3 18 84   D8 FB D1 CF 05 56 64 57  9c(..........VdW

]
Oct 09, 2019 6:45:23 PM com.sun.enterprise.security.ssl.impl.SecuritySupportImpl checkCertificateDates
SEVERE: SEC5054: Certificate has expired: [
[
  Version: V3
  Subject: CN=UTN-USERFirst-Object, OU=http://www.usertrust.com, O=The USERTRUST Network, L=Salt Lake City, ST=UT, C=US
  Signature Algorithm: SHA1withRSA, OID = 1.2.840.113549.1.1.5

  Key:  Sun RSA public key, 2048 bits
  params: null
  modulus: 26089169911678858865991511858875018069758338505533527462172337786204673367201602811546574640748857094704621917169263361432410969054122980449366775775683958731678628537096651015729026509693790613002386233604576087941792746820140601531177906512322858774418438789963524472024549424258625465956056239870371201987568255001387080085214098713225036387005613800836210061170539695894186554629737711561028350273878428532147416962073327382818781154880552701805035056445039795783116295126527723091589252882972104614102959845116673111648476990905383519003917711966754877934329503061578142937900733132981896802936855388605850814069
  public exponent: 65537
  Validity: [From: Fri Jul 09 20:31:20 CEST 1999,
               To: Tue Jul 09 20:40:36 CEST 2019]
  Issuer: CN=UTN-USERFirst-Object, OU=http://www.usertrust.com, O=The USERTRUST Network, L=Salt Lake City, ST=UT, C=US
  SerialNumber: [    44be0c8b 500024b4 11d3362d e0b35f1b]

Certificate Extensions: 5
[1]: ObjectId: 2.5.29.19 Criticality=true
BasicConstraints:[
  CA:true
  PathLen:2147483647
]

[2]: ObjectId: 2.5.29.31 Criticality=false
CRLDistributionPoints [
  [DistributionPoint:
     [URIName: http://crl.usertrust.com/UTN-USERFirst-Object.crl]
]]

[3]: ObjectId: 2.5.29.37 Criticality=false
ExtendedKeyUsages [
  codeSigning
  timeStamping
  1.3.6.1.4.1.311.10.3.4
]

[4]: ObjectId: 2.5.29.15 Criticality=false
KeyUsage [
  DigitalSignature
  Non_repudiation
  Key_CertSign
  Crl_Sign
]

[5]: ObjectId: 2.5.29.14 Criticality=false
SubjectKeyIdentifier [
KeyIdentifier [
0000: DA ED 64 74 14 9C 14 3C   AB DD 99 A9 BD 5B 28 4D  ..dt...&lt;.....[(M
0010: 8B 3C C9 D8                                        .&lt;..
]
]

]
  Algorithm: [SHA1withRSA]
  Signature:
0000: 08 1F 52 B1 37 44 78 DB   FD CE B9 DA 95 96 98 AA  ..R.7Dx.........
0010: 55 64 80 B5 5A 40 DD 21   A5 C5 C1 F3 5F 2C 4C C8  Ud..Z@.!...._,L.
0020: 47 5A 69 EA E8 F0 35 35   F4 D0 25 F3 C8 A6 A4 87  GZi...55..%.....
0030: 4A BD 1B B1 73 08 BD D4   C3 CA B6 35 BB 59 86 77  J...s......5.Y.w
0040: 31 CD A7 80 14 AE 13 EF   FC B1 48 F9 6B 25 25 2D  1.........H.k%%-
0050: 51 B6 2C 6D 45 C1 98 C8   8A 56 5D 3E EE 43 4E 3E  Q.,mE....V]&gt;.CN&gt;
0060: 6B 27 8E D0 3A 4B 85 0B   5F D3 ED 6A A7 75 CB D1  k&apos;..:K.._..j.u..
0070: 5A 87 2F 39 75 13 5A 72   B0 02 81 9F BE F0 0F 84  Z./9u.Zr........
0080: 54 20 62 6C 69 D4 E1 4D   C6 0D 99 43 01 0D 12 96  T bli..M...C....
0090: 8C 78 9D BF 50 A2 B1 44   AA 6A CF 17 7A CF 6F 0F  .x..P..D.j..z.o.
00A0: D4 F8 24 55 5F F0 34 16   49 66 3E 50 46 C9 63 71  ..$U_.4.If&gt;PF.cq
00B0: 38 31 62 B8 62 B9 F3 53   AD 6C B5 2B A2 12 AA 19  81b.b..S.l.+....
00C0: 4F 09 DA 5E E7 93 C6 8E   14 08 FE F0 30 80 18 A0  O..^........0...
00D0: 86 85 4D C8 7D D7 8B 03   FE 6E D5 F7 9D 16 AC 92  ..M......n......
00E0: 2C A0 23 E5 9C 91 52 1F   94 DF 17 94 73 C3 B3 C1  ,.#...R.....s...
00F0: C1 71 05 20 00 78 BD 13   52 1D A8 3E CD 00 1F C8  .q. .x..R..&gt;....

]
Oct 09, 2019 6:45:23 PM com.sun.enterprise.security.ssl.impl.SecuritySupportImpl checkCertificateDates
SEVERE: SEC5054: Certificate has expired: [
[
  Version: V3
  Subject: CN=Class 3P Primary CA, O=Certplus, C=FR
  Signature Algorithm: SHA1withRSA, OID = 1.2.840.113549.1.1.5

  Key:  Sun RSA public key, 2048 bits
  params: null
  modulus: 21614364623234645301176979052165345431898293847960486915478489113641331309644631752003221165383118398140398886336016387390724896962665812867256887907245520366436021903224959533376678696719936735972067367920592968608491103081205372406043624400010083880772415904795029373948490802676779159314439078110930739868553466210514140689407010259951984397616006783494760981020892138542824737977628597898766038609349270744008280631843922769380819511751485857445066566834873801830547383948214472026533037321650013565965180311449002065019426293174492769711409600018705331909203823027179297493805317578775200581989013716669464825171
  public exponent: 65537
  Validity: [From: Wed Jul 07 19:10:00 CEST 1999,
               To: Sun Jul 07 01:59:59 CEST 2019]
  Issuer: CN=Class 3P Primary CA, O=Certplus, C=FR
  SerialNumber: [    bf5cdbb6 f21c6ec0 4deb7a02 3b36e879]

Certificate Extensions: 5
[1]: ObjectId: 2.5.29.19 Criticality=false
BasicConstraints:[
  CA:true
  PathLen:10
]

[2]: ObjectId: 2.5.29.31 Criticality=false
CRLDistributionPoints [
  [DistributionPoint:
     [URIName: http://www.certplus.com/CRL/class3P.crl]
]]

[3]: ObjectId: 2.5.29.15 Criticality=false
KeyUsage [
  Key_CertSign
  Crl_Sign
]

[4]: ObjectId: 2.16.840.1.113730.1.1 Criticality=false
NetscapeCertType [
   Object Signing CA]

[5]: ObjectId: 2.5.29.14 Criticality=false
SubjectKeyIdentifier [
KeyIdentifier [
0000: 86 E1 E1 81 71 BF 6A 12   F1 0A F2 01 E4 C8 FB 40  ....q.j........@
0010: CE 68 80 89                                        .h..
]
]

]
  Algorithm: [SHA1withRSA]
  Signature:
0000: 25 AA E1 22 40 C2 A4 80   3C B7 A2 5D 99 8D 1F 7A  %..&quot;@...&lt;..]...z
0010: 42 35 38 66 17 11 DF BD   AF FC 15 11 98 19 33 E6  B58f..........3.
0020: 05 42 84 54 A8 4B EB B0   9D DB 37 DA 16 52 40 11  .B.T.K....7..R@.
0030: 74 68 BF E9 C9 B2 10 84   B7 1D 44 00 79 27 1C F5  th........D.y&apos;..
0040: 58 06 17 18 32 35 B6 30   97 63 C6 A6 39 1B C8 EE  X...25.0.c..9...
0050: 46 17 62 C5 2E E7 0A A3   9A 8A 30 63 73 AA 14 A5  F.b.......0cs...
0060: 4D 0A A8 72 93 F0 49 11   10 90 7C 18 7D A8 20 05  M..r..I....... .
0070: C4 C2 7A 35 BA 1C 5A 0A   E0 2E 78 C8 88 B1 CF 57  ..z5..Z...x....W
0080: 01 EC 3D E2 06 13 34 C0   A8 DC FA 80 80 05 EE 05  ..=...4.........
0090: 76 BD 9D 2B C8 9D 50 6F   6B C5 40 50 84 FD 5D 1D  v..+..Pok.@P..].
00A0: E6 90 9C 10 D3 A4 C6 B9   28 1A DE B5 F8 0A 70 AA  ........(.....p.
00B0: CE DE 50 3D 03 80 DB D8   88 C5 48 06 E4 03 73 DD  ..P=......H...s.
00C0: 16 CE 36 D6 E5 9B EA 77   DA B2 96 B5 65 A7 04 5D  ..6....w....e..]
00D0: 23 AE F7 93 B2 5E 8A 51   64 5F DA CF 8C 3D 41 5B  #....^.Qd_...=A[
00E0: DE F9 A3 E9 2A 7C 47 10   1F F6 32 3C 7E 70 E9 DF  ....*.G...2&lt;.p..
00F0: A1 D5 2E 0D B1 1A 45 B4   BC 12 ED 28 17 E9 1E 02  ......E....(....

]
Oct 09, 2019 6:45:23 PM com.sun.enterprise.security.ssl.impl.SecuritySupportImpl checkCertificateDates
SEVERE: SEC5054: Certificate has expired: [
[
  Version: V3
  Subject: CN=UTN - DATACorp SGC, OU=http://www.usertrust.com, O=The USERTRUST Network, L=Salt Lake City, ST=UT, C=US
  Signature Algorithm: SHA1withRSA, OID = 1.2.840.113549.1.1.5

  Key:  Sun RSA public key, 2048 bits
  params: null
  modulus: 28268673816178652097323205892483557333571155870875470430960147296575080125058259576216678502943701783863235065864619513554332825256576232328090594008995653938402850832639909846660254240227871328870817423755670515240676922575555781981369246549012690884955359776531332666259760261360631995682094260285182867794701000430219975797941893404079475222143745688332320735114398825135169097291174452108993502788913943850837279188978684549502068499879944154157617599256436144641192788443262416163408036570340837806929138395134745754413204505641922381176732200396779902698082435830886530134629482115518533241525728911403361018543
  public exponent: 65537
  Validity: [From: Thu Jun 24 20:57:21 CEST 1999,
               To: Mon Jun 24 21:06:30 CEST 2019]
  Issuer: CN=UTN - DATACorp SGC, OU=http://www.usertrust.com, O=The USERTRUST Network, L=Salt Lake City, ST=UT, C=US
  SerialNumber: [    44be0c8b 500021b4 11d32a68 06a9ad69]

Certificate Extensions: 5
[1]: ObjectId: 2.5.29.19 Criticality=true
BasicConstraints:[
  CA:true
  PathLen:2147483647
]

[2]: ObjectId: 2.5.29.31 Criticality=false
CRLDistributionPoints [
  [DistributionPoint:
     [URIName: http://crl.usertrust.com/UTN-DATACorpSGC.crl]
]]

[3]: ObjectId: 2.5.29.37 Criticality=false
ExtendedKeyUsages [
  serverAuth
  1.3.6.1.4.1.311.10.3.3
  2.16.840.1.113730.4.1
]

[4]: ObjectId: 2.5.29.15 Criticality=false
KeyUsage [
  DigitalSignature
  Non_repudiation
  Key_CertSign
  Crl_Sign
]

[5]: ObjectId: 2.5.29.14 Criticality=false
SubjectKeyIdentifier [
KeyIdentifier [
0000: 53 32 D1 B3 CF 7F FA E0   F1 A0 5D 85 4E 92 D2 9E  S2........].N...
0010: 45 1D B4 4F                                        E..O
]
]

]
  Algorithm: [SHA1withRSA]
  Signature:
0000: 27 35 97 00 8A 8B 28 BD   C6 33 30 1E 29 FC E2 F7  &apos;5....(..30.)...
0010: D5 98 D4 40 BB 60 CA BF   AB 17 2C 09 36 7F 50 FA  ...@.`....,.6.P.
0020: 41 DC AE 96 3A 0A 23 3E   89 59 C9 A3 07 ED 1B 37  A...:.#&gt;.Y.....7
0030: AD FC 7C BE 51 49 5A DE   3A 0A 54 08 16 45 C2 99  ....QIZ.:.T..E..
0040: B1 87 CD 8C 68 E0 69 03   E9 C4 4E 98 B2 3B 8C 16  ....h.i...N..;..
0050: B3 0E A0 0C 98 50 9B 93   A9 70 09 C8 2C A3 8F DF  .....P...p..,...
0060: 02 E4 E0 71 3A F1 B4 23   72 A0 AA 01 DF DF 98 3E  ...q:..#r......&gt;
0070: 14 50 A0 31 26 BD 28 E9   5A 30 26 75 F9 7B 60 1C  .P.1&amp;.(.Z0&amp;u..`.
0080: 8D F3 CD 50 26 6D 04 27   9A DF D5 0D 45 47 29 6B  ...P&amp;m.&apos;....EG)k
0090: 2C E6 76 D9 A9 29 7D 32   DD C9 36 3C BD AE 35 F1  ,.v..).2..6&lt;..5.
00A0: 11 9E 1D BB 90 3F 12 47   4E 8E D7 7E 0F 62 73 1D  .....?.GN....bs.
00B0: 52 26 38 1C 18 49 FD 30   74 9A C4 E5 22 2F D8 C0  R&amp;8..I.0t...&quot;/..
00C0: 8D ED 91 7A 4C 00 8F 72   7F 5D DA DD 1B 8B 45 6B  ...zL..r.]....Ek
00D0: E7 DD 69 97 A8 C5 56 4C   0F 0C F6 9F 7A 91 37 F6  ..i...VL....z.7.
00E0: 97 82 E0 DD 71 69 FF 76   3F 60 4D 3C CF F7 99 F9  ....qi.v?`M&lt;....
00F0: C6 57 F4 C9 55 39 78 BA   2C 79 C9 A6 88 2B F4 08  .W..U9x.,y...+..

]
Oct 09, 2019 6:45:23 PM com.sun.enterprise.security.ssl.impl.SecuritySupportImpl checkCertificateDates
SEVERE: SEC5054: Certificate has expired: [
[
  Version: V1
  Subject: CN=GTE CyberTrust Global Root, OU=&quot;GTE CyberTrust Solutions, Inc.&quot;, O=GTE Corporation, C=US
  Signature Algorithm: MD5withRSA, OID = 1.2.840.113549.1.1.4

  Key:  Sun RSA public key, 1024 bits
  params: null
  modulus: 104674226241368487598835828377585222181792546532354327780214427055917513664449991602803276678454577364904540367827644455215731003386468752240014232146814457308076052176227490263634768927290191763858631579785604655038492469791381988347440106477066514204303723029602991655085187937840556671697442212352844587673
  public exponent: 65537
  Validity: [From: Thu Aug 13 02:29:00 CEST 1998,
               To: Tue Aug 14 01:59:00 CEST 2018]
  Issuer: CN=GTE CyberTrust Global Root, OU=&quot;GTE CyberTrust Solutions, Inc.&quot;, O=GTE Corporation, C=US
  SerialNumber: [    01a5]

]
  Algorithm: [MD5withRSA]
  Signature:
0000: 6D EB 1B 09 E9 5E D9 51   DB 67 22 61 A4 2A 3C 48  m....^.Q.g&quot;a.*&lt;H
0010: 77 E3 A0 7C A6 DE 73 A2   14 03 85 3D FB AB 0E 30  w.....s....=...0
0020: C5 83 16 33 81 13 08 9E   7B 34 4E DF 40 C8 74 D7  ...3.....4N.@.t.
0030: B9 7D DC F4 76 55 7D 9B   63 54 18 E9 F0 EA F3 5C  ....vU..cT.....\
0040: B1 D9 8B 42 1E B9 C0 95   4E BA FA D5 E2 7C F5 68  ...B....N......h
0050: 61 BF 8E EC 05 97 5F 5B   B0 D7 A3 85 34 C4 24 A7  a....._[....4.$.
0060: 0D 0F 95 93 EF CB 94 D8   9E 1F 9D 5C 85 6D C7 AA  ...........\.m..
0070: AE 4F 1F 22 B5 CD 95 AD   BA A7 CC F9 AB 0B 7A 7F  .O.&quot;..........z.

]
Oct 09, 2019 6:45:23 PM com.sun.enterprise.security.ssl.impl.SecuritySupportImpl checkCertificateDates
SEVERE: SEC5054: Certificate has expired: [
[
  Version: V3
  Subject: CN=Class 2 Primary CA, O=Certplus, C=FR
  Signature Algorithm: SHA1withRSA, OID = 1.2.840.113549.1.1.5

  Key:  Sun RSA public key, 2048 bits
  params: null
  modulus: 27812167065015388823464546085051838038637984524955446961713677446129738317206823109084046347331445589553661044970567054378890434198997684264035427965612348371450712507326051325897699623193542549935623373656021173400812096660408265660428190707740194627521887231277265714580183676839834206986781235312765075220315950810958811507502280227588815441578477215291988534906157760976397769689888907215150855840434702583111602520999318134940603246969350823443276228221841309609603461799754824116277675568900353181300725440703667660602245837574324610290490844383628811548288261887809415643569655985365531456192407526391687177813
  public exponent: 65537
  Validity: [From: Wed Jul 07 19:05:00 CEST 1999,
               To: Sun Jul 07 01:59:59 CEST 2019]
  Issuer: CN=Class 2 Primary CA, O=Certplus, C=FR
  SerialNumber: [    85bd4bf3 d8dae369 f694d75f c3a54423]

Certificate Extensions: 5
[1]: ObjectId: 2.5.29.19 Criticality=false
BasicConstraints:[
  CA:true
  PathLen:10
]

[2]: ObjectId: 2.5.29.31 Criticality=false
CRLDistributionPoints [
  [DistributionPoint:
     [URIName: http://www.certplus.com/CRL/class2.crl]
]]

[3]: ObjectId: 2.5.29.15 Criticality=false
KeyUsage [
  Key_CertSign
  Crl_Sign
]

[4]: ObjectId: 2.16.840.1.113730.1.1 Criticality=false
NetscapeCertType [
   SSL CA
   S/MIME CA
]

[5]: ObjectId: 2.5.29.14 Criticality=false
SubjectKeyIdentifier [
KeyIdentifier [
0000: E3 73 2D DF CB 0E 28 0C   DE DD B3 A4 CA 79 B8 8E  .s-...(......y..
0010: BB E8 30 89                                        ..0.
]
]

]
  Algorithm: [SHA1withRSA]
  Signature:
0000: A7 54 CF 88 44 19 CB DF   D4 7F 00 DF 56 33 62 B5  .T..D.......V3b.
0010: F7 51 01 90 EB C3 3F D1   88 44 E9 24 5D EF E7 14  .Q....?..D.$]...
0020: BD 20 B7 9A 3C 00 FE 6D   9F DB 90 DC D7 F4 62 D6  . ..&lt;..m......b.
0030: 8B 70 5D E7 E5 04 48 A9   68 7C C9 F1 42 F3 6C 7F  .p]...H.h...B.l.
0040: C5 7A 7C 1D 51 88 BA D2   0A 3E 27 5D DE 2D 51 4E  .z..Q....&gt;&apos;].-QN
0050: D3 13 64 69 E4 2E E3 D3   E7 9B 09 99 A6 E0 95 9B  ..di............
0060: CE 1A D7 7F BE 3C CE 52   B3 11 15 C1 0F 17 CD 03  .....&lt;.R........
0070: BB 9C 25 15 BA A2 76 89   FC 06 F1 18 D0 93 4B 0E  ..%...v.......K.
0080: 7C 82 B7 A5 F4 F6 5F FE   ED 40 A6 9D 84 74 39 B9  ......_..@...t9.
0090: DC 1E 85 16 DA 29 1B 86   23 00 C9 BB 89 7E 6E 80  .....)..#.....n.
00A0: 88 1E 2F 14 B4 03 24 A8   32 6F 03 9A 47 2C 30 BE  ../...$.2o..G,0.
00B0: 56 C6 A7 42 02 70 1B EA   40 D8 BA 05 03 70 07 A4  V..B.p..@....p..
00C0: 96 FF FD 48 33 0A E1 DC   A5 81 90 9B 4D DD 7D E7  ...H3.......M...
00D0: E7 B2 CD 5C C8 6A 95 F8   A5 F6 8D C4 5D 78 08 BE  ...\.j......]x..
00E0: 7B 06 D6 49 CF 19 36 50   23 2E 08 E6 9E 05 4D 47  ...I..6P#.....MG
00F0: 18 D5 16 E9 B1 D6 B6 10   D5 BB 97 BF A2 8E B4 54  ...............T

]
Oct 09, 2019 6:45:23 PM com.sun.enterprise.security.ssl.impl.SecuritySupportImpl checkCertificateDates
SEVERE: SEC5054: Certificate has expired: [
[
  Version: V1
  Subject: EMAILADDRESS=info@valicert.com, CN=http://www.valicert.com/, OU=ValiCert Class 2 Policy Validation Authority, O=&quot;ValiCert, Inc.&quot;, L=ValiCert Validation Network
  Signature Algorithm: SHA1withRSA, OID = 1.2.840.113549.1.1.5

  Key:  Sun RSA public key, 1024 bits
  params: null
  modulus: 144818436341096761985811202737494206713391677595229133995919965906075571723417302122258845817512509741851949889312775533894542459533525989634864163190484842795759754920238603578496864031819985263409865098016203846634102571893793272259527714445999489570945345148962461192686341786119603639416861115723459488247
  public exponent: 65537
  Validity: [From: Sat Jun 26 02:19:54 CEST 1999,
               To: Wed Jun 26 02:19:54 CEST 2019]
  Issuer: EMAILADDRESS=info@valicert.com, CN=http://www.valicert.com/, OU=ValiCert Class 2 Policy Validation Authority, O=&quot;ValiCert, Inc.&quot;, L=ValiCert Validation Network
  SerialNumber: [    01]

]
  Algorithm: [SHA1withRSA]
  Signature:
0000: 3B 7F 50 6F 6F 50 94 99   49 62 38 38 1F 4B F8 A5  ;.PooP..Ib88.K..
0010: C8 3E A7 82 81 F6 2B C7   E8 C5 CE E8 3A 10 82 CB  .&gt;....+.....:...
0020: 18 00 8E 4D BD A8 58 7F   A1 79 00 B5 BB E9 8D AF  ...M..X..y......
0030: 41 D9 0F 34 EE 21 81 19   A0 32 49 28 F4 C4 8E 56  A..4.!...2I(...V
0040: D5 52 33 FD 50 D5 7E 99   6C 03 E4 C9 4C FC CB 6C  .R3.P...l...L..l
0050: AB 66 B3 4A 21 8C E5 B5   0C 32 3E 10 B2 CC 6C A1  .f.J!....2&gt;...l.
0060: DC 9A 98 4C 02 5B F3 CE   B9 9E A5 72 0E 4A B7 3F  ...L.[.....r.J.?
0070: 3C E6 16 68 F8 BE ED 74   4C BC 5B D5 62 1F 43 DD  &lt;..h...tL.[.b.C.

]
Oct 09, 2019 6:45:23 PM com.sun.enterprise.security.ssl.impl.SecuritySupportImpl checkCertificateDates
SEVERE: SEC5054: Certificate has expired: [
[
  Version: V3
  Subject: CN=GTE CyberTrust Root 5, OU=&quot;GTE CyberTrust Solutions, Inc.&quot;, O=GTE Corporation, C=US
  Signature Algorithm: SHA1withRSA, OID = 1.2.840.113549.1.1.5

  Key:  Sun RSA public key, 2048 bits
  params: null
  modulus: 23741889829347261660812437366387754385443431973861114865490414153884050331745811968523116847625570146592736935209718565296053386842135985534863157983128812774162998053673746470782252407673402238146869994438729551246768368782318393878374421033907597162218758024581735139682087126982809511479059100617027892880227587855877479432885604404402435662802390484099065871430585284534529627347717530352189612077130606642676951640071336717026459037542552927905851171460589361570392199748753414855675665635003335769915908187224347232807336022456537328962095005323382940080676931822787496212635993279098588863972868266229522169377
  public exponent: 65537
  Validity: [From: Fri Aug 14 16:50:00 CEST 1998,
               To: Thu Aug 15 01:59:00 CEST 2013]
  Issuer: CN=GTE CyberTrust Root 5, OU=&quot;GTE CyberTrust Solutions, Inc.&quot;, O=GTE Corporation, C=US
  SerialNumber: [    01b6]

Certificate Extensions: 4
[1]: ObjectId: 2.5.29.19 Criticality=true
BasicConstraints:[
  CA:true
  PathLen:5
]

[2]: ObjectId: 2.5.29.32 Criticality=false
CertificatePolicies [
  [CertificatePolicyId: [1.2.840.113763.1.2.1.3]
[]  ]
]

[3]: ObjectId: 2.5.29.15 Criticality=true
KeyUsage [
  Key_CertSign
  Crl_Sign
]

[4]: ObjectId: 2.5.29.14 Criticality=false
SubjectKeyIdentifier [
KeyIdentifier [
0000: 76 0A 49 21 38 4C 9F DE   F8 C4 49 C7 71 71 91 9D  v.I!8L....I.qq..
]
]

]
  Algorithm: [SHA1withRSA]
  Signature:
0000: 41 3A D4 18 5B DA B8 DE   21 1C E1 8E 09 E5 F1 68  A:..[...!......h
0010: 34 FF DE 96 F4 07 F5 A7   3C F3 AC 4A B1 9B FA 92  4.......&lt;..J....
0020: FA 9B ED E6 32 21 AA 4A   76 C5 DC 4F 38 E5 DF D5  ....2!.Jv..O8...
0030: 86 E4 D5 C8 76 7D 98 D7   B1 CD 8F 4D B5 91 23 6C  ....v......M..#l
0040: 8B 8A EB EA 7C EF 14 94   C4 C6 F0 1F 4A 2D 32 71  ............J-2q
0050: 63 2B 63 91 26 02 09 B6   80 1D ED E2 CC B8 7F DB  c+c.&amp;...........
0060: 87 63 C8 E1 D0 6C 26 B1   35 1D 40 66 10 1B CD 95  .c...l&amp;.5.@f....
0070: 54 18 33 61 EC 13 4F DA   13 F7 99 AF 3E D0 CF 8E  T.3a..O.....&gt;...
0080: A6 72 A2 B3 C3 05 9A C9   27 7D 92 CC 7E 52 8D B3  .r......&apos;....R..
0090: AB 70 6D 9E 89 9F 4D EB   1A 75 C2 98 AA D5 02 16  .pm...M..u......
00A0: D7 0C 8A BF 25 E4 EB 2D   BC 98 E9 58 38 19 7C B9  ....%..-...X8...
00B0: 37 FE DB E2 99 08 73 06   C7 97 83 6A 7D 10 01 2F  7.....s....j.../
00C0: 32 B9 17 05 4A 65 E6 2F   CE BE 5E 53 A6 82 E9 9A  2...Je./..^S....
00D0: 53 0A 84 74 2D 83 CA C8   94 16 76 5F 94 61 28 F0  S..t-.....v_.a(.
00E0: 85 A7 39 BB D7 8B D9 A8   B2 13 1D 54 09 34 24 7D  ..9........T.4$.
00F0: 20 81 7D 66 7E A2 90 74   5C 10 C6 BD EC AB 1B C2   ..f...t\.......

]
Oct 09, 2019 6:45:23 PM com.sun.enterprise.security.ssl.impl.SecuritySupportImpl checkCertificateDates
SEVERE: SEC5054: Certificate has expired: [
[
  Version: V3
  Subject: CN=Entrust.net Secure Server Certification Authority, OU=(c) 1999 Entrust.net Limited, OU=www.entrust.net/CPS incorp. by ref. (limits liab.), O=Entrust.net, C=US
  Signature Algorithm: SHA1withRSA, OID = 1.2.840.113549.1.1.5

  Key:  Sun RSA public key, 1024 bits
  params: null
  modulus: 144067023913051061401427662951005762134922353734488468053603530223452408322326917369347612678930500793708458747092762943382762018047024013938414215872028527163969125655573945488614401571467677066488315957153441759858575776484848611157850921563438091296557524842885335944479053857025193408242979060399539152451
  public exponent: 3
  Validity: [From: Tue May 25 18:09:40 CEST 1999,
               To: Sat May 25 18:39:40 CEST 2019]
  Issuer: CN=Entrust.net Secure Server Certification Authority, OU=(c) 1999 Entrust.net Limited, OU=www.entrust.net/CPS incorp. by ref. (limits liab.), O=Entrust.net, C=US
  SerialNumber: [    374ad243]

Certificate Extensions: 8
[1]: ObjectId: 1.2.840.113533.7.65.0 Criticality=false
Extension unknown: DER encoded OCTET string =
0000: 04 0C 30 0A 1B 04 56 34   2E 30 03 02 04 90        ..0...V4.0....


[2]: ObjectId: 2.5.29.35 Criticality=false
AuthorityKeyIdentifier [
KeyIdentifier [
0000: F0 17 62 13 55 3D B3 FF   0A 00 6B FB 50 84 97 F3  ..b.U=....k.P...
0010: ED 62 D0 1A                                        .b..
]
]

[3]: ObjectId: 2.5.29.19 Criticality=false
BasicConstraints:[
  CA:true
  PathLen:2147483647
]

[4]: ObjectId: 2.5.29.31 Criticality=false
CRLDistributionPoints [
  [DistributionPoint:
     [CN=CRL1, CN=Entrust.net Secure Server Certification Authority, OU=(c) 1999 Entrust.net Limited, OU=www.entrust.net/CPS incorp. by ref. (limits liab.), O=Entrust.net, C=US]
, DistributionPoint:
     [URIName: http://www.entrust.net/CRL/net1.crl]
]]

[5]: ObjectId: 2.5.29.15 Criticality=false
KeyUsage [
  Key_CertSign
  Crl_Sign
]

[6]: ObjectId: 2.16.840.1.113730.1.1 Criticality=false
NetscapeCertType [
   SSL CA
   S/MIME CA
   Object Signing CA]

[7]: ObjectId: 2.5.29.16 Criticality=false
PrivateKeyUsage: [
From: Tue May 25 18:09:40 CEST 1999, To: Sat May 25 18:09:40 CEST 2019]

[8]: ObjectId: 2.5.29.14 Criticality=false
SubjectKeyIdentifier [
KeyIdentifier [
0000: F0 17 62 13 55 3D B3 FF   0A 00 6B FB 50 84 97 F3  ..b.U=....k.P...
0010: ED 62 D0 1A                                        .b..
]
]

]
  Algorithm: [SHA1withRSA]
  Signature:
0000: 90 DC 30 02 FA 64 74 C2   A7 0A A5 7C 21 8D 34 17  ..0..dt.....!.4.
0010: A8 FB 47 0E FF 25 7C 8D   13 0A FB E4 98 B5 EF 8C  ..G..%..........
0020: F8 C5 10 0D F7 92 BE F1   C3 D5 D5 95 6A 04 BB 2C  ............j..,
0030: CE 26 36 65 C8 31 C6 E7   EE 3F E3 57 75 84 7A 11  .&amp;6e.1...?.Wu.z.
0040: EF 46 4F 18 F4 D3 98 BB   A8 87 32 BA 72 F6 3C E2  .FO.......2.r.&lt;.
0050: 3D 9F D7 1D D9 C3 60 43   8C 58 0E 22 96 2F 62 A3  =.....`C.X.&quot;./b.
0060: 2C 1F BA AD 05 EF AB 32   78 87 A0 54 73 19 B5 5C  ,......2x..Ts..\
0070: 05 F9 52 3E 6D 2D 45 0B   F7 0A 93 EA ED 06 F9 B2  ..R&gt;m-E.........

]
Oct 09, 2019 6:45:23 PM com.sun.enterprise.v3.server.AppServerStartup postStartupJob
INFO: Undefined Product Name - define product and version info in config/branding  0.0.0  (0) startup time : Embedded (5417ms), startup services(752ms), total(6169ms)
Oct 09, 2019 6:45:23 PM org.glassfish.admin.mbeanserver.JMXStartupService$JMXConnectorsStarterThread run
INFO: JMXStartupService has disabled JMXConnector system
Oct 09, 2019 6:45:23 PM com.sun.enterprise.connectors.jms.util.JmsRaUtil getInstalledMqVersion
WARNING: RAR7000 : Check for a new version of MQ installation failed : /var/folders/9k/64w4yp_91qg53wfc03htvlp80000gp/T/gfembed14564296781586814622tmp/lib/install/applications/jmsra/../imqjmsra.rar:/var/folders/9k/64w4yp_91qg53wfc03htvlp80000gp/T/gfembed14564296781586814622tmp/lib/install/applications/jmsra/imqjmsra.rar
Oct 09, 2019 6:45:23 PM org.glassfish.ejb.embedded.EJBContainerProviderImpl skipJar
INFO: ... skipping entry with a Manifest file with a special attribute: glassfish-embedded-all-4.0.jar
Oct 09, 2019 6:45:23 PM org.glassfish.deployment.common.GenericAnnotationDetector scanArchive
WARNING: NCLS-DEPLOYMENT-00009
Oct 09, 2019 6:45:23 PM org.glassfish.ejb.embedded.DeploymentElement getOrCreateApplication
INFO: [DeploymentElement] adding EJB module to ScatteredArchive classes
Oct 09, 2019 6:45:23 PM org.glassfish.ejb.embedded.DeploymentElement getOrCreateApplication
INFO: [DeploymentElement] adding library to ScatteredArchive junit-4.11.jar
Oct 09, 2019 6:45:23 PM org.glassfish.ejb.embedded.DeploymentElement getOrCreateApplication
INFO: [DeploymentElement] adding library to ScatteredArchive test-classes
Oct 09, 2019 6:45:23 PM org.glassfish.ejb.embedded.DeploymentElement getOrCreateApplication
INFO: [DeploymentElement] adding library to ScatteredArchive javax.mail-1.6.0.jar
Oct 09, 2019 6:45:23 PM org.glassfish.ejb.embedded.DeploymentElement getOrCreateApplication
INFO: [DeploymentElement] adding library to ScatteredArchive javaee-api-8.0.jar
Oct 09, 2019 6:45:23 PM org.glassfish.ejb.embedded.DeploymentElement getOrCreateApplication
INFO: [DeploymentElement] adding library to ScatteredArchive activation-1.1.jar
Oct 09, 2019 6:45:23 PM org.glassfish.ejb.embedded.DeploymentElement getOrCreateApplication
INFO: [DeploymentElement] adding library to ScatteredArchive hamcrest-core-1.3.jar
Oct 09, 2019 6:45:23 PM org.glassfish.ejb.embedded.EJBContainerImpl deploy
INFO: [EJBContainerImpl] Deploying app: org.glassfish.embeddable.archive.ScatteredArchive@7f9fc8bd
Oct 09, 2019 6:45:23 PM org.glassfish.ejb.embedded.EJBContainerImpl deploy
INFO: [EJBContainerImpl] GlassFish status: STARTED
Oct 09, 2019 6:45:23 PM org.glassfish.ejb.embedded.EJBContainerImpl deploy
INFO: [EJBContainerImpl] Deploying as a ScatteredArchive
Oct 09, 2019 6:45:26 PM org.glassfish.hk2.classmodel.reflect.Parser$5 on
SEVERE: Exception while visiting javax/enterprise/inject/spi/CDI.class of size 4579
java.lang.ArrayIndexOutOfBoundsException: Index 55552 out of bounds for length 221
	at org.objectweb.asm.ClassReader.readClass(ClassReader.java:2015)
	at org.objectweb.asm.ClassReader.accept(ClassReader.java:469)
	at org.objectweb.asm.ClassReader.accept(ClassReader.java:425)
	at org.glassfish.hk2.classmodel.reflect.Parser$5.on(Parser.java:362)
	at com.sun.enterprise.v3.server.ReadableArchiveScannerAdapter.handleEntry(ReadableArchiveScannerAdapter.java:165)
	at com.sun.enterprise.v3.server.ReadableArchiveScannerAdapter.onSelectedEntries(ReadableArchiveScannerAdapter.java:127)
	at org.glassfish.hk2.classmodel.reflect.Parser.doJob(Parser.java:347)
	at org.glassfish.hk2.classmodel.reflect.Parser.access$300(Parser.java:67)
	at org.glassfish.hk2.classmodel.reflect.Parser$3.call(Parser.java:306)
	at org.glassfish.hk2.classmodel.reflect.Parser$3.call(Parser.java:295)
	at java.base/java.util.concurrent.FutureTask.run(FutureTask.java:264)
	at java.base/java.util.concurrent.ThreadPoolExecutor.runWorker(ThreadPoolExecutor.java:1128)
	at java.base/java.util.concurrent.ThreadPoolExecutor$Worker.run(ThreadPoolExecutor.java:628)
	at java.base/java.lang.Thread.run(Thread.java:830)

Oct 09, 2019 6:45:26 PM org.glassfish.hk2.classmodel.reflect.Parser$5 on
SEVERE: Exception while visiting javax/enterprise/inject/spi/configurator/AnnotatedMethodConfigurator.class of size 3537
java.lang.ArrayIndexOutOfBoundsException: Index 25345 out of bounds for length 101
	at org.objectweb.asm.ClassReader.readClass(ClassReader.java:2015)
	at org.objectweb.asm.ClassReader.accept(ClassReader.java:469)
	at org.objectweb.asm.ClassReader.accept(ClassReader.java:425)
	at org.glassfish.hk2.classmodel.reflect.Parser$5.on(Parser.java:362)
	at com.sun.enterprise.v3.server.ReadableArchiveScannerAdapter.handleEntry(ReadableArchiveScannerAdapter.java:165)
	at com.sun.enterprise.v3.server.ReadableArchiveScannerAdapter.onSelectedEntries(ReadableArchiveScannerAdapter.java:127)
	at org.glassfish.hk2.classmodel.reflect.Parser.doJob(Parser.java:347)
	at org.glassfish.hk2.classmodel.reflect.Parser.access$300(Parser.java:67)
	at org.glassfish.hk2.classmodel.reflect.Parser$3.call(Parser.java:306)
	at org.glassfish.hk2.classmodel.reflect.Parser$3.call(Parser.java:295)
	at java.base/java.util.concurrent.FutureTask.run(FutureTask.java:264)
	at java.base/java.util.concurrent.ThreadPoolExecutor.runWorker(ThreadPoolExecutor.java:1128)
	at java.base/java.util.concurrent.ThreadPoolExecutor$Worker.run(ThreadPoolExecutor.java:628)
	at java.base/java.lang.Thread.run(Thread.java:830)

Oct 09, 2019 6:45:26 PM org.glassfish.hk2.classmodel.reflect.Parser$5 on
SEVERE: Exception while visiting javax/enterprise/inject/spi/configurator/AnnotatedConstructorConfigurator.class of size 3597
java.lang.ArrayIndexOutOfBoundsException: Index 25345 out of bounds for length 101
	at org.objectweb.asm.ClassReader.readClass(ClassReader.java:2015)
	at org.objectweb.asm.ClassReader.accept(ClassReader.java:469)
	at org.objectweb.asm.ClassReader.accept(ClassReader.java:425)
	at org.glassfish.hk2.classmodel.reflect.Parser$5.on(Parser.java:362)
	at com.sun.enterprise.v3.server.ReadableArchiveScannerAdapter.handleEntry(ReadableArchiveScannerAdapter.java:165)
	at com.sun.enterprise.v3.server.ReadableArchiveScannerAdapter.onSelectedEntries(ReadableArchiveScannerAdapter.java:127)
	at org.glassfish.hk2.classmodel.reflect.Parser.doJob(Parser.java:347)
	at org.glassfish.hk2.classmodel.reflect.Parser.access$300(Parser.java:67)
	at org.glassfish.hk2.classmodel.reflect.Parser$3.call(Parser.java:306)
	at org.glassfish.hk2.classmodel.reflect.Parser$3.call(Parser.java:295)
	at java.base/java.util.concurrent.FutureTask.run(FutureTask.java:264)
	at java.base/java.util.concurrent.ThreadPoolExecutor.runWorker(ThreadPoolExecutor.java:1128)
	at java.base/java.util.concurrent.ThreadPoolExecutor$Worker.run(ThreadPoolExecutor.java:628)
	at java.base/java.lang.Thread.run(Thread.java:830)

Oct 09, 2019 6:45:26 PM org.glassfish.hk2.classmodel.reflect.Parser$5 on
SEVERE: Exception while visiting javax/enterprise/inject/spi/configurator/AnnotatedParameterConfigurator.class of size 2114
java.lang.ArrayIndexOutOfBoundsException: Index 19240 out of bounds for length 58
	at org.objectweb.asm.ClassReader.readClass(ClassReader.java:2015)
	at org.objectweb.asm.ClassReader.accept(ClassReader.java:469)
	at org.objectweb.asm.ClassReader.accept(ClassReader.java:425)
	at org.glassfish.hk2.classmodel.reflect.Parser$5.on(Parser.java:362)
	at com.sun.enterprise.v3.server.ReadableArchiveScannerAdapter.handleEntry(ReadableArchiveScannerAdapter.java:165)
	at com.sun.enterprise.v3.server.ReadableArchiveScannerAdapter.onSelectedEntries(ReadableArchiveScannerAdapter.java:127)
	at org.glassfish.hk2.classmodel.reflect.Parser.doJob(Parser.java:347)
	at org.glassfish.hk2.classmodel.reflect.Parser.access$300(Parser.java:67)
	at org.glassfish.hk2.classmodel.reflect.Parser$3.call(Parser.java:306)
	at org.glassfish.hk2.classmodel.reflect.Parser$3.call(Parser.java:295)
	at java.base/java.util.concurrent.FutureTask.run(FutureTask.java:264)
	at java.base/java.util.concurrent.ThreadPoolExecutor.runWorker(ThreadPoolExecutor.java:1128)
	at java.base/java.util.concurrent.ThreadPoolExecutor$Worker.run(ThreadPoolExecutor.java:628)
	at java.base/java.lang.Thread.run(Thread.java:830)

Oct 09, 2019 6:45:26 PM org.glassfish.hk2.classmodel.reflect.Parser$5 on
SEVERE: Exception while visiting javax/enterprise/inject/spi/configurator/AnnotatedFieldConfigurator.class of size 2066
java.lang.ArrayIndexOutOfBoundsException: Index 144 out of bounds for length 144
	at org.objectweb.asm.ClassReader.readUTF(ClassReader.java:1976)
	at org.objectweb.asm.ClassReader.readUTF8(ClassReader.java:1951)
	at org.objectweb.asm.ClassReader.readClass(ClassReader.java:2015)
	at org.objectweb.asm.ClassReader.accept(ClassReader.java:469)
	at org.objectweb.asm.ClassReader.accept(ClassReader.java:425)
	at org.glassfish.hk2.classmodel.reflect.Parser$5.on(Parser.java:362)
	at com.sun.enterprise.v3.server.ReadableArchiveScannerAdapter.handleEntry(ReadableArchiveScannerAdapter.java:165)
	at com.sun.enterprise.v3.server.ReadableArchiveScannerAdapter.onSelectedEntries(ReadableArchiveScannerAdapter.java:127)
	at org.glassfish.hk2.classmodel.reflect.Parser.doJob(Parser.java:347)
	at org.glassfish.hk2.classmodel.reflect.Parser.access$300(Parser.java:67)
	at org.glassfish.hk2.classmodel.reflect.Parser$3.call(Parser.java:306)
	at org.glassfish.hk2.classmodel.reflect.Parser$3.call(Parser.java:295)
	at java.base/java.util.concurrent.FutureTask.run(FutureTask.java:264)
	at java.base/java.util.concurrent.ThreadPoolExecutor.runWorker(ThreadPoolExecutor.java:1128)
	at java.base/java.util.concurrent.ThreadPoolExecutor$Worker.run(ThreadPoolExecutor.java:628)
	at java.base/java.lang.Thread.run(Thread.java:830)

Oct 09, 2019 6:45:26 PM org.glassfish.hk2.classmodel.reflect.Parser$5 on
SEVERE: Exception while visiting javax/enterprise/inject/spi/configurator/AnnotatedTypeConfigurator.class of size 5692
java.lang.ArrayIndexOutOfBoundsException: Index 15360 out of bounds for length 144
	at org.objectweb.asm.ClassReader.readClass(ClassReader.java:2015)
	at org.objectweb.asm.ClassReader.accept(ClassReader.java:469)
	at org.objectweb.asm.ClassReader.accept(ClassReader.java:425)
	at org.glassfish.hk2.classmodel.reflect.Parser$5.on(Parser.java:362)
	at com.sun.enterprise.v3.server.ReadableArchiveScannerAdapter.handleEntry(ReadableArchiveScannerAdapter.java:165)
	at com.sun.enterprise.v3.server.ReadableArchiveScannerAdapter.onSelectedEntries(ReadableArchiveScannerAdapter.java:127)
	at org.glassfish.hk2.classmodel.reflect.Parser.doJob(Parser.java:347)
	at org.glassfish.hk2.classmodel.reflect.Parser.access$300(Parser.java:67)
	at org.glassfish.hk2.classmodel.reflect.Parser$3.call(Parser.java:306)
	at org.glassfish.hk2.classmodel.reflect.Parser$3.call(Parser.java:295)
	at java.base/java.util.concurrent.FutureTask.run(FutureTask.java:264)
	at java.base/java.util.concurrent.ThreadPoolExecutor.runWorker(ThreadPoolExecutor.java:1128)
	at java.base/java.util.concurrent.ThreadPoolExecutor$Worker.run(ThreadPoolExecutor.java:628)
	at java.base/java.lang.Thread.run(Thread.java:830)

Oct 09, 2019 6:45:26 PM org.glassfish.hk2.classmodel.reflect.Parser$5 on
SEVERE: Exception while visiting javax/json/stream/JsonCollectors.class of size 8740
java.lang.ArrayIndexOutOfBoundsException: Index 12840 out of bounds for length 303
	at org.objectweb.asm.ClassReader.readClass(ClassReader.java:2015)
	at org.objectweb.asm.ClassReader.accept(ClassReader.java:469)
	at org.objectweb.asm.ClassReader.accept(ClassReader.java:425)
	at org.glassfish.hk2.classmodel.reflect.Parser$5.on(Parser.java:362)
	at com.sun.enterprise.v3.server.ReadableArchiveScannerAdapter.handleEntry(ReadableArchiveScannerAdapter.java:165)
	at com.sun.enterprise.v3.server.ReadableArchiveScannerAdapter.onSelectedEntries(ReadableArchiveScannerAdapter.java:127)
	at org.glassfish.hk2.classmodel.reflect.Parser.doJob(Parser.java:347)
	at org.glassfish.hk2.classmodel.reflect.Parser.access$300(Parser.java:67)
	at org.glassfish.hk2.classmodel.reflect.Parser$3.call(Parser.java:306)
	at org.glassfish.hk2.classmodel.reflect.Parser$3.call(Parser.java:295)
	at java.base/java.util.concurrent.FutureTask.run(FutureTask.java:264)
	at java.base/java.util.concurrent.ThreadPoolExecutor.runWorker(ThreadPoolExecutor.java:1128)
	at java.base/java.util.concurrent.ThreadPoolExecutor$Worker.run(ThreadPoolExecutor.java:628)
	at java.base/java.lang.Thread.run(Thread.java:830)

Oct 09, 2019 6:45:26 PM org.glassfish.hk2.classmodel.reflect.Parser$5 on
SEVERE: Exception while visiting javax/faces/component/ComponentStateHelper.class of size 10029
java.lang.ArrayIndexOutOfBoundsException: Index 14976 out of bounds for length 10029
	at org.objectweb.asm.ClassReader.&lt;init&gt;(ClassReader.java:174)
	at org.objectweb.asm.ClassReader.&lt;init&gt;(ClassReader.java:153)
	at org.objectweb.asm.ClassReader.&lt;init&gt;(ClassReader.java:359)
	at org.glassfish.hk2.classmodel.reflect.Parser$5.on(Parser.java:361)
	at com.sun.enterprise.v3.server.ReadableArchiveScannerAdapter.handleEntry(ReadableArchiveScannerAdapter.java:165)
	at com.sun.enterprise.v3.server.ReadableArchiveScannerAdapter.onSelectedEntries(ReadableArchiveScannerAdapter.java:127)
	at org.glassfish.hk2.classmodel.reflect.Parser.doJob(Parser.java:347)
	at org.glassfish.hk2.classmodel.reflect.Parser.access$300(Parser.java:67)
	at org.glassfish.hk2.classmodel.reflect.Parser$3.call(Parser.java:306)
	at org.glassfish.hk2.classmodel.reflect.Parser$3.call(Parser.java:295)
	at java.base/java.util.concurrent.FutureTask.run(FutureTask.java:264)
	at java.base/java.util.concurrent.ThreadPoolExecutor.runWorker(ThreadPoolExecutor.java:1128)
	at java.base/java.util.concurrent.ThreadPoolExecutor$Worker.run(ThreadPoolExecutor.java:628)
	at java.base/java.lang.Thread.run(Thread.java:830)

Oct 09, 2019 6:45:26 PM org.glassfish.hk2.classmodel.reflect.Parser$5 on
SEVERE: Exception while visiting javax/faces/component/UIData.class of size 35409
java.lang.ArrayIndexOutOfBoundsException: Index 31233 out of bounds for length 1147
	at org.objectweb.asm.ClassReader.readClass(ClassReader.java:2015)
	at org.objectweb.asm.ClassReader.accept(ClassReader.java:469)
	at org.objectweb.asm.ClassReader.accept(ClassReader.java:425)
	at org.glassfish.hk2.classmodel.reflect.Parser$5.on(Parser.java:362)
	at com.sun.enterprise.v3.server.ReadableArchiveScannerAdapter.handleEntry(ReadableArchiveScannerAdapter.java:165)
	at com.sun.enterprise.v3.server.ReadableArchiveScannerAdapter.onSelectedEntries(ReadableArchiveScannerAdapter.java:127)
	at org.glassfish.hk2.classmodel.reflect.Parser.doJob(Parser.java:347)
	at org.glassfish.hk2.classmodel.reflect.Parser.access$300(Parser.java:67)
	at org.glassfish.hk2.classmodel.reflect.Parser$3.call(Parser.java:306)
	at org.glassfish.hk2.classmodel.reflect.Parser$3.call(Parser.java:295)
	at java.base/java.util.concurrent.FutureTask.run(FutureTask.java:264)
	at java.base/java.util.concurrent.ThreadPoolExecutor.runWorker(ThreadPoolExecutor.java:1128)
	at java.base/java.util.concurrent.ThreadPoolExecutor$Worker.run(ThreadPoolExecutor.java:628)
	at java.base/java.lang.Thread.run(Thread.java:830)

Oct 09, 2019 6:45:26 PM org.glassfish.hk2.classmodel.reflect.Parser$5 on
SEVERE: Exception while visiting javax/faces/view/ViewMetadata.class of size 4514
java.lang.ArrayIndexOutOfBoundsException: Index 8810 out of bounds for length 187
	at org.objectweb.asm.ClassReader.readClass(ClassReader.java:2015)
	at org.objectweb.asm.ClassReader.accept(ClassReader.java:469)
	at org.objectweb.asm.ClassReader.accept(ClassReader.java:425)
	at org.glassfish.hk2.classmodel.reflect.Parser$5.on(Parser.java:362)
	at com.sun.enterprise.v3.server.ReadableArchiveScannerAdapter.handleEntry(ReadableArchiveScannerAdapter.java:165)
	at com.sun.enterprise.v3.server.ReadableArchiveScannerAdapter.onSelectedEntries(ReadableArchiveScannerAdapter.java:127)
	at org.glassfish.hk2.classmodel.reflect.Parser.doJob(Parser.java:347)
	at org.glassfish.hk2.classmodel.reflect.Parser.access$300(Parser.java:67)
	at org.glassfish.hk2.classmodel.reflect.Parser$3.call(Parser.java:306)
	at org.glassfish.hk2.classmodel.reflect.Parser$3.call(Parser.java:295)
	at java.base/java.util.concurrent.FutureTask.run(FutureTask.java:264)
	at java.base/java.util.concurrent.ThreadPoolExecutor.runWorker(ThreadPoolExecutor.java:1128)
	at java.base/java.util.concurrent.ThreadPoolExecutor$Worker.run(ThreadPoolExecutor.java:628)
	at java.base/java.lang.Thread.run(Thread.java:830)

Oct 09, 2019 6:45:26 PM org.glassfish.hk2.classmodel.reflect.Parser$5 on
SEVERE: Exception while visiting javax/faces/application/ResourceHandler.class of size 5386
java.lang.ArrayIndexOutOfBoundsException: Index 52264 out of bounds for length 192
	at org.objectweb.asm.ClassReader.readClass(ClassReader.java:2015)
	at org.objectweb.asm.ClassReader.accept(ClassReader.java:469)
	at org.objectweb.asm.ClassReader.accept(ClassReader.java:425)
	at org.glassfish.hk2.classmodel.reflect.Parser$5.on(Parser.java:362)
	at com.sun.enterprise.v3.server.ReadableArchiveScannerAdapter.handleEntry(ReadableArchiveScannerAdapter.java:165)
	at com.sun.enterprise.v3.server.ReadableArchiveScannerAdapter.onSelectedEntries(ReadableArchiveScannerAdapter.java:127)
	at org.glassfish.hk2.classmodel.reflect.Parser.doJob(Parser.java:347)
	at org.glassfish.hk2.classmodel.reflect.Parser.access$300(Parser.java:67)
	at org.glassfish.hk2.classmodel.reflect.Parser$3.call(Parser.java:306)
	at org.glassfish.hk2.classmodel.reflect.Parser$3.call(Parser.java:295)
	at java.base/java.util.concurrent.FutureTask.run(FutureTask.java:264)
	at java.base/java.util.concurrent.ThreadPoolExecutor.runWorker(ThreadPoolExecutor.java:1128)
	at java.base/java.util.concurrent.ThreadPoolExecutor$Worker.run(ThreadPoolExecutor.java:628)
	at java.base/java.lang.Thread.run(Thread.java:830)

Oct 09, 2019 6:45:26 PM org.glassfish.hk2.classmodel.reflect.Parser$5 on
SEVERE: Exception while visiting javax/faces/convert/DateTimeConverter.class of size 12525
java.lang.ArrayIndexOutOfBoundsException: Index 74280 out of bounds for length 12525
	at org.objectweb.asm.ClassReader.&lt;init&gt;(ClassReader.java:174)
	at org.objectweb.asm.ClassReader.&lt;init&gt;(ClassReader.java:153)
	at org.objectweb.asm.ClassReader.&lt;init&gt;(ClassReader.java:359)
	at org.glassfish.hk2.classmodel.reflect.Parser$5.on(Parser.java:361)
	at com.sun.enterprise.v3.server.ReadableArchiveScannerAdapter.handleEntry(ReadableArchiveScannerAdapter.java:165)
	at com.sun.enterprise.v3.server.ReadableArchiveScannerAdapter.onSelectedEntries(ReadableArchiveScannerAdapter.java:127)
	at org.glassfish.hk2.classmodel.reflect.Parser.doJob(Parser.java:347)
	at org.glassfish.hk2.classmodel.reflect.Parser.access$300(Parser.java:67)
	at org.glassfish.hk2.classmodel.reflect.Parser$3.call(Parser.java:306)
	at org.glassfish.hk2.classmodel.reflect.Parser$3.call(Parser.java:295)
	at java.base/java.util.concurrent.FutureTask.run(FutureTask.java:264)
	at java.base/java.util.concurrent.ThreadPoolExecutor.runWorker(ThreadPoolExecutor.java:1128)
	at java.base/java.util.concurrent.ThreadPoolExecutor$Worker.run(ThreadPoolExecutor.java:628)
	at java.base/java.lang.Thread.run(Thread.java:830)

Oct 09, 2019 6:45:26 PM org.glassfish.hk2.classmodel.reflect.Parser$5 on
SEVERE: Exception while visiting javax/validation/ConstraintViolationException.class of size 3112
java.lang.ArrayIndexOutOfBoundsException: Index 52264 out of bounds for length 131
	at org.objectweb.asm.ClassReader.readClass(ClassReader.java:2015)
	at org.objectweb.asm.ClassReader.accept(ClassReader.java:469)
	at org.objectweb.asm.ClassReader.accept(ClassReader.java:425)
	at org.glassfish.hk2.classmodel.reflect.Parser$5.on(Parser.java:362)
	at com.sun.enterprise.v3.server.ReadableArchiveScannerAdapter.handleEntry(ReadableArchiveScannerAdapter.java:165)
	at com.sun.enterprise.v3.server.ReadableArchiveScannerAdapter.onSelectedEntries(ReadableArchiveScannerAdapter.java:127)
	at org.glassfish.hk2.classmodel.reflect.Parser.doJob(Parser.java:347)
	at org.glassfish.hk2.classmodel.reflect.Parser.access$300(Parser.java:67)
	at org.glassfish.hk2.classmodel.reflect.Parser$3.call(Parser.java:306)
	at org.glassfish.hk2.classmodel.reflect.Parser$3.call(Parser.java:295)
	at java.base/java.util.concurrent.FutureTask.run(FutureTask.java:264)
	at java.base/java.util.concurrent.ThreadPoolExecutor.runWorker(ThreadPoolExecutor.java:1128)
	at java.base/java.util.concurrent.ThreadPoolExecutor$Worker.run(ThreadPoolExecutor.java:628)
	at java.base/java.lang.Thread.run(Thread.java:830)

Oct 09, 2019 6:45:26 PM org.glassfish.hk2.classmodel.reflect.Parser$5 on
SEVERE: Exception while visiting javax/ws/rs/sse/FactoryFinder.class of size 6460
java.lang.ArrayIndexOutOfBoundsException: Index 52264 out of bounds for length 287
	at org.objectweb.asm.ClassReader.readClass(ClassReader.java:2015)
	at org.objectweb.asm.ClassReader.accept(ClassReader.java:469)
	at org.objectweb.asm.ClassReader.accept(ClassReader.java:425)
	at org.glassfish.hk2.classmodel.reflect.Parser$5.on(Parser.java:362)
	at com.sun.enterprise.v3.server.ReadableArchiveScannerAdapter.handleEntry(ReadableArchiveScannerAdapter.java:165)
	at com.sun.enterprise.v3.server.ReadableArchiveScannerAdapter.onSelectedEntries(ReadableArchiveScannerAdapter.java:127)
	at org.glassfish.hk2.classmodel.reflect.Parser.doJob(Parser.java:347)
	at org.glassfish.hk2.classmodel.reflect.Parser.access$300(Parser.java:67)
	at org.glassfish.hk2.classmodel.reflect.Parser$3.call(Parser.java:306)
	at org.glassfish.hk2.classmodel.reflect.Parser$3.call(Parser.java:295)
	at java.base/java.util.concurrent.FutureTask.run(FutureTask.java:264)
	at java.base/java.util.concurrent.ThreadPoolExecutor.runWorker(ThreadPoolExecutor.java:1128)
	at java.base/java.util.concurrent.ThreadPoolExecutor$Worker.run(ThreadPoolExecutor.java:628)
	at java.base/java.lang.Thread.run(Thread.java:830)

Oct 09, 2019 6:45:26 PM org.glassfish.hk2.classmodel.reflect.Parser$5 on
SEVERE: Exception while visiting javax/ws/rs/ext/FactoryFinder.class of size 6460
java.lang.ArrayIndexOutOfBoundsException: Index 52264 out of bounds for length 287
	at org.objectweb.asm.ClassReader.readClass(ClassReader.java:2015)
	at org.objectweb.asm.ClassReader.accept(ClassReader.java:469)
	at org.objectweb.asm.ClassReader.accept(ClassReader.java:425)
	at org.glassfish.hk2.classmodel.reflect.Parser$5.on(Parser.java:362)
	at com.sun.enterprise.v3.server.ReadableArchiveScannerAdapter.handleEntry(ReadableArchiveScannerAdapter.java:165)
	at com.sun.enterprise.v3.server.ReadableArchiveScannerAdapter.onSelectedEntries(ReadableArchiveScannerAdapter.java:127)
	at org.glassfish.hk2.classmodel.reflect.Parser.doJob(Parser.java:347)
	at org.glassfish.hk2.classmodel.reflect.Parser.access$300(Parser.java:67)
	at org.glassfish.hk2.classmodel.reflect.Parser$3.call(Parser.java:306)
	at org.glassfish.hk2.classmodel.reflect.Parser$3.call(Parser.java:295)
	at java.base/java.util.concurrent.FutureTask.run(FutureTask.java:264)
	at java.base/java.util.concurrent.ThreadPoolExecutor.runWorker(ThreadPoolExecutor.java:1128)
	at java.base/java.util.concurrent.ThreadPoolExecutor$Worker.run(ThreadPoolExecutor.java:628)
	at java.base/java.lang.Thread.run(Thread.java:830)

Oct 09, 2019 6:45:26 PM org.glassfish.hk2.classmodel.reflect.Parser$5 on
SEVERE: Exception while visiting javax/ws/rs/client/FactoryFinder.class of size 6466
java.lang.ArrayIndexOutOfBoundsException: Index 52264 out of bounds for length 287
	at org.objectweb.asm.ClassReader.readClass(ClassReader.java:2015)
	at org.objectweb.asm.ClassReader.accept(ClassReader.java:469)
	at org.objectweb.asm.ClassReader.accept(ClassReader.java:425)
	at org.glassfish.hk2.classmodel.reflect.Parser$5.on(Parser.java:362)
	at com.sun.enterprise.v3.server.ReadableArchiveScannerAdapter.handleEntry(ReadableArchiveScannerAdapter.java:165)
	at com.sun.enterprise.v3.server.ReadableArchiveScannerAdapter.onSelectedEntries(ReadableArchiveScannerAdapter.java:127)
	at org.glassfish.hk2.classmodel.reflect.Parser.doJob(Parser.java:347)
	at org.glassfish.hk2.classmodel.reflect.Parser.access$300(Parser.java:67)
	at org.glassfish.hk2.classmodel.reflect.Parser$3.call(Parser.java:306)
	at org.glassfish.hk2.classmodel.reflect.Parser$3.call(Parser.java:295)
	at java.base/java.util.concurrent.FutureTask.run(FutureTask.java:264)
	at java.base/java.util.concurrent.ThreadPoolExecutor.runWorker(ThreadPoolExecutor.java:1128)
	at java.base/java.util.concurrent.ThreadPoolExecutor$Worker.run(ThreadPoolExecutor.java:628)
	at java.base/java.lang.Thread.run(Thread.java:830)

Oct 09, 2019 6:45:26 PM com.sun.enterprise.security.SecurityLifecycle &lt;init&gt;
INFO: SEC1002: Security Manager is OFF.
Oct 09, 2019 6:45:26 PM com.sun.enterprise.security.SecurityLifecycle onInitialization
INFO: SEC1010: Entering Security Startup Service
Oct 09, 2019 6:45:26 PM com.sun.enterprise.security.PolicyLoader loadPolicy
INFO: SEC1143: Loading policy provider com.sun.enterprise.security.jacc.provider.SimplePolicyProvider.
Oct 09, 2019 6:45:26 PM org.glassfish.api.ActionReport failure
SEVERE: Exception while deploying the app [classes]
Oct 09, 2019 6:45:26 PM com.sun.enterprise.v3.server.ApplicationLifecycle deploy
SEVERE: Exception during lifecycle processing
MultiException stack 1 of 2
java.lang.NoClassDefFoundError: sun/misc/BASE64Decoder
	at java.base/java.lang.ClassLoader.defineClass1(Native Method)
	at java.base/java.lang.ClassLoader.defineClass(ClassLoader.java:1016)
	at java.base/java.security.SecureClassLoader.defineClass(SecureClassLoader.java:151)
	at java.base/jdk.internal.loader.BuiltinClassLoader.defineClass(BuiltinClassLoader.java:823)
	at java.base/jdk.internal.loader.BuiltinClassLoader.findClassOnClassPathOrNull(BuiltinClassLoader.java:721)
	at java.base/jdk.internal.loader.BuiltinClassLoader.loadClassOrNull(BuiltinClassLoader.java:644)
	at java.base/jdk.internal.loader.BuiltinClassLoader.loadClass(BuiltinClassLoader.java:602)
	at java.base/jdk.internal.loader.ClassLoaders$AppClassLoader.loadClass(ClassLoaders.java:178)
	at java.base/java.lang.ClassLoader.loadClass(ClassLoader.java:521)
	at org.glassfish.security.common.SSHA.decode(SSHA.java:319)
	at org.glassfish.security.common.FileRealmHelper.decodeUser(FileRealmHelper.java:741)
	at org.glassfish.security.common.FileRealmHelper.loadKeyFile(FileRealmHelper.java:638)
	at org.glassfish.security.common.FileRealmHelper.&lt;init&gt;(FileRealmHelper.java:149)
	at com.sun.enterprise.security.auth.realm.file.FileRealm.init(FileRealm.java:211)
	at com.sun.enterprise.security.auth.realm.Realm.doInstantiate(Realm.java:334)
	at com.sun.enterprise.security.auth.realm.Realm.instantiate(Realm.java:225)
	at com.sun.enterprise.security.auth.realm.RealmConfig.createRealms(RealmConfig.java:82)
	at com.sun.enterprise.security.auth.realm.RealmsManager.createRealms(RealmsManager.java:278)
	at com.sun.enterprise.security.auth.realm.RealmsManager.createRealms(RealmsManager.java:211)
	at com.sun.enterprise.security.SecurityLifecycle.onInitialization(SecurityLifecycle.java:166)
	at com.sun.enterprise.security.SecurityLifecycle.postConstruct(SecurityLifecycle.java:209)
	at org.jvnet.hk2.internal.ClazzCreator.postConstructMe(ClazzCreator.java:281)
	at org.jvnet.hk2.internal.ClazzCreator.create(ClazzCreator.java:328)
	at org.jvnet.hk2.internal.SystemDescriptor.create(SystemDescriptor.java:448)
	at org.jvnet.hk2.internal.SingletonContext.findOrCreate(SingletonContext.java:118)
	at org.jvnet.hk2.internal.Utilities.createService(Utilities.java:2204)
	at org.jvnet.hk2.internal.ServiceHandleImpl.getService(ServiceHandleImpl.java:93)
	at com.sun.enterprise.security.ee.SecuritySniffer.setup(SecuritySniffer.java:115)
	at com.sun.enterprise.v3.server.ContainerStarter.startContainer(ContainerStarter.java:97)
	at com.sun.enterprise.v3.server.ApplicationLifecycle.setupContainer(ApplicationLifecycle.java:994)
	at com.sun.enterprise.v3.server.ApplicationLifecycle.setupContainerInfos(ApplicationLifecycle.java:699)
	at com.sun.enterprise.v3.server.ApplicationLifecycle.deploy(ApplicationLifecycle.java:374)
	at com.sun.enterprise.v3.server.ApplicationLifecycle.deploy(ApplicationLifecycle.java:219)
	at org.glassfish.deployment.admin.DeployCommand.execute(DeployCommand.java:491)
	at com.sun.enterprise.v3.admin.CommandRunnerImpl$2$1.run(CommandRunnerImpl.java:527)
	at com.sun.enterprise.v3.admin.CommandRunnerImpl$2$1.run(CommandRunnerImpl.java:523)
	at java.base/java.security.AccessController.doPrivileged(AccessController.java:391)
	at java.base/javax.security.auth.Subject.doAs(Subject.java:361)
	at com.sun.enterprise.v3.admin.CommandRunnerImpl$2.execute(CommandRunnerImpl.java:522)
	at com.sun.enterprise.v3.admin.CommandRunnerImpl.doCommand(CommandRunnerImpl.java:546)
	at com.sun.enterprise.v3.admin.CommandRunnerImpl.doCommand(CommandRunnerImpl.java:1423)
	at com.sun.enterprise.v3.admin.CommandRunnerImpl.access$1500(CommandRunnerImpl.java:108)
	at com.sun.enterprise.v3.admin.CommandRunnerImpl$ExecutionContext.execute(CommandRunnerImpl.java:1762)
	at com.sun.enterprise.v3.admin.CommandRunnerImpl$ExecutionContext.execute(CommandRunnerImpl.java:1674)
	at com.sun.enterprise.admin.cli.embeddable.DeployerImpl.deploy(DeployerImpl.java:133)
	at com.sun.enterprise.admin.cli.embeddable.DeployerImpl.deploy(DeployerImpl.java:109)
	at org.glassfish.ejb.embedded.EJBContainerImpl.deploy(EJBContainerImpl.java:138)
	at org.glassfish.ejb.embedded.EJBContainerProviderImpl.createEJBContainer(EJBContainerProviderImpl.java:134)
	at javax.ejb.embeddable.EJBContainer.createEJBContainer(EJBContainer.java:127)
	at javax.ejb.embeddable.EJBContainer.createEJBContainer(EJBContainer.java:102)
	at javaeetutorial.standalone.ejb.StandaloneBeanTest.setUp(StandaloneBeanTest.java:33)
	at java.base/jdk.internal.reflect.NativeMethodAccessorImpl.invoke0(Native Method)
	at java.base/jdk.internal.reflect.NativeMethodAccessorImpl.invoke(NativeMethodAccessorImpl.java:62)
	at java.base/jdk.internal.reflect.DelegatingMethodAccessorImpl.invoke(DelegatingMethodAccessorImpl.java:43)
	at java.base/java.lang.reflect.Method.invoke(Method.java:567)
	at org.junit.runners.model.FrameworkMethod$1.runReflectiveCall(FrameworkMethod.java:47)
	at org.junit.internal.runners.model.ReflectiveCallable.run(ReflectiveCallable.java:12)
	at org.junit.runners.model.FrameworkMethod.invokeExplosively(FrameworkMethod.java:44)
	at org.junit.internal.runners.statements.RunBefores.evaluate(RunBefores.java:24)
	at org.junit.internal.runners.statements.RunAfters.evaluate(RunAfters.java:27)
	at org.junit.runners.ParentRunner.runLeaf(ParentRunner.java:271)
	at org.junit.runners.BlockJUnit4ClassRunner.runChild(BlockJUnit4ClassRunner.java:70)
	at org.junit.runners.BlockJUnit4ClassRunner.runChild(BlockJUnit4ClassRunner.java:50)
	at org.junit.runners.ParentRunner$3.run(ParentRunner.java:238)
	at org.junit.runners.ParentRunner$1.schedule(ParentRunner.java:63)
	at org.junit.runners.ParentRunner.runChildren(ParentRunner.java:236)
	at org.junit.runners.ParentRunner.access$000(ParentRunner.java:53)
	at org.junit.runners.ParentRunner$2.evaluate(ParentRunner.java:229)
	at org.junit.runners.ParentRunner.run(ParentRunner.java:309)
	at org.apache.maven.surefire.junit4.JUnit4Provider.execute(JUnit4Provider.java:252)
	at org.apache.maven.surefire.junit4.JUnit4Provider.executeTestSet(JUnit4Provider.java:141)
	at org.apache.maven.surefire.junit4.JUnit4Provider.invoke(JUnit4Provider.java:112)
	at java.base/jdk.internal.reflect.NativeMethodAccessorImpl.invoke0(Native Method)
	at java.base/jdk.internal.reflect.NativeMethodAccessorImpl.invoke(NativeMethodAccessorImpl.java:62)
	at java.base/jdk.internal.reflect.DelegatingMethodAccessorImpl.invoke(DelegatingMethodAccessorImpl.java:43)
	at java.base/java.lang.reflect.Method.invoke(Method.java:567)
	at org.apache.maven.surefire.util.ReflectionUtils.invokeMethodWithArray(ReflectionUtils.java:189)
	at org.apache.maven.surefire.booter.ProviderFactory$ProviderProxy.invoke(ProviderFactory.java:165)
	at org.apache.maven.surefire.booter.ProviderFactory.invokeProvider(ProviderFactory.java:85)
	at org.apache.maven.surefire.booter.ForkedBooter.runSuitesInProcess(ForkedBooter.java:115)
	at org.apache.maven.surefire.booter.ForkedBooter.main(ForkedBooter.java:75)
Caused by: java.lang.ClassNotFoundException: sun.misc.BASE64Decoder
	at java.base/jdk.internal.loader.BuiltinClassLoader.loadClass(BuiltinClassLoader.java:604)
	at java.base/jdk.internal.loader.ClassLoaders$AppClassLoader.loadClass(ClassLoaders.java:178)
	at java.base/java.lang.ClassLoader.loadClass(ClassLoader.java:521)
	... 81 more
MultiException stack 2 of 2
java.lang.IllegalStateException: Unable to perform operation: post construct on com.sun.enterprise.security.SecurityLifecycle
	at org.jvnet.hk2.internal.ClazzCreator.create(ClazzCreator.java:346)
	at org.jvnet.hk2.internal.SystemDescriptor.create(SystemDescriptor.java:448)
	at org.jvnet.hk2.internal.SingletonContext.findOrCreate(SingletonContext.java:118)
	at org.jvnet.hk2.internal.Utilities.createService(Utilities.java:2204)
	at org.jvnet.hk2.internal.ServiceHandleImpl.getService(ServiceHandleImpl.java:93)
	at com.sun.enterprise.security.ee.SecuritySniffer.setup(SecuritySniffer.java:115)
	at com.sun.enterprise.v3.server.ContainerStarter.startContainer(ContainerStarter.java:97)
	at com.sun.enterprise.v3.server.ApplicationLifecycle.setupContainer(ApplicationLifecycle.java:994)
	at com.sun.enterprise.v3.server.ApplicationLifecycle.setupContainerInfos(ApplicationLifecycle.java:699)
	at com.sun.enterprise.v3.server.ApplicationLifecycle.deploy(ApplicationLifecycle.java:374)
	at com.sun.enterprise.v3.server.ApplicationLifecycle.deploy(ApplicationLifecycle.java:219)
	at org.glassfish.deployment.admin.DeployCommand.execute(DeployCommand.java:491)
	at com.sun.enterprise.v3.admin.CommandRunnerImpl$2$1.run(CommandRunnerImpl.java:527)
	at com.sun.enterprise.v3.admin.CommandRunnerImpl$2$1.run(CommandRunnerImpl.java:523)
	at java.base/java.security.AccessController.doPrivileged(AccessController.java:391)
	at java.base/javax.security.auth.Subject.doAs(Subject.java:361)
	at com.sun.enterprise.v3.admin.CommandRunnerImpl$2.execute(CommandRunnerImpl.java:522)
	at com.sun.enterprise.v3.admin.CommandRunnerImpl.doCommand(CommandRunnerImpl.java:546)
	at com.sun.enterprise.v3.admin.CommandRunnerImpl.doCommand(CommandRunnerImpl.java:1423)
	at com.sun.enterprise.v3.admin.CommandRunnerImpl.access$1500(CommandRunnerImpl.java:108)
	at com.sun.enterprise.v3.admin.CommandRunnerImpl$ExecutionContext.execute(CommandRunnerImpl.java:1762)
	at com.sun.enterprise.v3.admin.CommandRunnerImpl$ExecutionContext.execute(CommandRunnerImpl.java:1674)
	at com.sun.enterprise.admin.cli.embeddable.DeployerImpl.deploy(DeployerImpl.java:133)
	at com.sun.enterprise.admin.cli.embeddable.DeployerImpl.deploy(DeployerImpl.java:109)
	at org.glassfish.ejb.embedded.EJBContainerImpl.deploy(EJBContainerImpl.java:138)
	at org.glassfish.ejb.embedded.EJBContainerProviderImpl.createEJBContainer(EJBContainerProviderImpl.java:134)
	at javax.ejb.embeddable.EJBContainer.createEJBContainer(EJBContainer.java:127)
	at javax.ejb.embeddable.EJBContainer.createEJBContainer(EJBContainer.java:102)
	at javaeetutorial.standalone.ejb.StandaloneBeanTest.setUp(StandaloneBeanTest.java:33)
	at java.base/jdk.internal.reflect.NativeMethodAccessorImpl.invoke0(Native Method)
	at java.base/jdk.internal.reflect.NativeMethodAccessorImpl.invoke(NativeMethodAccessorImpl.java:62)
	at java.base/jdk.internal.reflect.DelegatingMethodAccessorImpl.invoke(DelegatingMethodAccessorImpl.java:43)
	at java.base/java.lang.reflect.Method.invoke(Method.java:567)
	at org.junit.runners.model.FrameworkMethod$1.runReflectiveCall(FrameworkMethod.java:47)
	at org.junit.internal.runners.model.ReflectiveCallable.run(ReflectiveCallable.java:12)
	at org.junit.runners.model.FrameworkMethod.invokeExplosively(FrameworkMethod.java:44)
	at org.junit.internal.runners.statements.RunBefores.evaluate(RunBefores.java:24)
	at org.junit.internal.runners.statements.RunAfters.evaluate(RunAfters.java:27)
	at org.junit.runners.ParentRunner.runLeaf(ParentRunner.java:271)
	at org.junit.runners.BlockJUnit4ClassRunner.runChild(BlockJUnit4ClassRunner.java:70)
	at org.junit.runners.BlockJUnit4ClassRunner.runChild(BlockJUnit4ClassRunner.java:50)
	at org.junit.runners.ParentRunner$3.run(ParentRunner.java:238)
	at org.junit.runners.ParentRunner$1.schedule(ParentRunner.java:63)
	at org.junit.runners.ParentRunner.runChildren(ParentRunner.java:236)
	at org.junit.runners.ParentRunner.access$000(ParentRunner.java:53)
	at org.junit.runners.ParentRunner$2.evaluate(ParentRunner.java:229)
	at org.junit.runners.ParentRunner.run(ParentRunner.java:309)
	at org.apache.maven.surefire.junit4.JUnit4Provider.execute(JUnit4Provider.java:252)
	at org.apache.maven.surefire.junit4.JUnit4Provider.executeTestSet(JUnit4Provider.java:141)
	at org.apache.maven.surefire.junit4.JUnit4Provider.invoke(JUnit4Provider.java:112)
	at java.base/jdk.internal.reflect.NativeMethodAccessorImpl.invoke0(Native Method)
	at java.base/jdk.internal.reflect.NativeMethodAccessorImpl.invoke(NativeMethodAccessorImpl.java:62)
	at java.base/jdk.internal.reflect.DelegatingMethodAccessorImpl.invoke(DelegatingMethodAccessorImpl.java:43)
	at java.base/java.lang.reflect.Method.invoke(Method.java:567)
	at org.apache.maven.surefire.util.ReflectionUtils.invokeMethodWithArray(ReflectionUtils.java:189)
	at org.apache.maven.surefire.booter.ProviderFactory$ProviderProxy.invoke(ProviderFactory.java:165)
	at org.apache.maven.surefire.booter.ProviderFactory.invokeProvider(ProviderFactory.java:85)
	at org.apache.maven.surefire.booter.ForkedBooter.runSuitesInProcess(ForkedBooter.java:115)
	at org.apache.maven.surefire.booter.ForkedBooter.main(ForkedBooter.java:75)

Oct 09, 2019 6:45:26 PM org.glassfish.deployment.admin.DeployCommand execute
SEVERE: Exception while deploying the app [classes] : A MultiException has 2 exceptions.  They are:
1. java.lang.NoClassDefFoundError: sun/misc/BASE64Decoder
2. java.lang.IllegalStateException: Unable to perform operation: post construct on com.sun.enterprise.security.SecurityLifecycle

java.lang.NoClassDefFoundError: sun/misc/BASE64Decoder
	at java.base/java.lang.ClassLoader.defineClass1(Native Method)
	at java.base/java.lang.ClassLoader.defineClass(ClassLoader.java:1016)
	at java.base/java.security.SecureClassLoader.defineClass(SecureClassLoader.java:151)
	at java.base/jdk.internal.loader.BuiltinClassLoader.defineClass(BuiltinClassLoader.java:823)
	at java.base/jdk.internal.loader.BuiltinClassLoader.findClassOnClassPathOrNull(BuiltinClassLoader.java:721)
	at java.base/jdk.internal.loader.BuiltinClassLoader.loadClassOrNull(BuiltinClassLoader.java:644)
	at java.base/jdk.internal.loader.BuiltinClassLoader.loadClass(BuiltinClassLoader.java:602)
	at java.base/jdk.internal.loader.ClassLoaders$AppClassLoader.loadClass(ClassLoaders.java:178)
	at java.base/java.lang.ClassLoader.loadClass(ClassLoader.java:521)
	at org.glassfish.security.common.SSHA.decode(SSHA.java:319)
	at org.glassfish.security.common.FileRealmHelper.decodeUser(FileRealmHelper.java:741)
	at org.glassfish.security.common.FileRealmHelper.loadKeyFile(FileRealmHelper.java:638)
	at org.glassfish.security.common.FileRealmHelper.&lt;init&gt;(FileRealmHelper.java:149)
	at com.sun.enterprise.security.auth.realm.file.FileRealm.init(FileRealm.java:211)
	at com.sun.enterprise.security.auth.realm.Realm.doInstantiate(Realm.java:334)
	at com.sun.enterprise.security.auth.realm.Realm.instantiate(Realm.java:225)
	at com.sun.enterprise.security.auth.realm.RealmConfig.createRealms(RealmConfig.java:82)
	at com.sun.enterprise.security.auth.realm.RealmsManager.createRealms(RealmsManager.java:278)
	at com.sun.enterprise.security.auth.realm.RealmsManager.createRealms(RealmsManager.java:211)
	at com.sun.enterprise.security.SecurityLifecycle.onInitialization(SecurityLifecycle.java:166)
	at com.sun.enterprise.security.SecurityLifecycle.postConstruct(SecurityLifecycle.java:209)
	at org.jvnet.hk2.internal.ClazzCreator.postConstructMe(ClazzCreator.java:281)
	at org.jvnet.hk2.internal.ClazzCreator.create(ClazzCreator.java:328)
	at org.jvnet.hk2.internal.SystemDescriptor.create(SystemDescriptor.java:448)
	at org.jvnet.hk2.internal.SingletonContext.findOrCreate(SingletonContext.java:118)
	at org.jvnet.hk2.internal.Utilities.createService(Utilities.java:2204)
	at org.jvnet.hk2.internal.ServiceHandleImpl.getService(ServiceHandleImpl.java:93)
	at com.sun.enterprise.security.ee.SecuritySniffer.setup(SecuritySniffer.java:115)
	at com.sun.enterprise.v3.server.ContainerStarter.startContainer(ContainerStarter.java:97)
	at com.sun.enterprise.v3.server.ApplicationLifecycle.setupContainer(ApplicationLifecycle.java:994)
	at com.sun.enterprise.v3.server.ApplicationLifecycle.setupContainerInfos(ApplicationLifecycle.java:699)
	at com.sun.enterprise.v3.server.ApplicationLifecycle.deploy(ApplicationLifecycle.java:374)
	at com.sun.enterprise.v3.server.ApplicationLifecycle.deploy(ApplicationLifecycle.java:219)
	at org.glassfish.deployment.admin.DeployCommand.execute(DeployCommand.java:491)
	at com.sun.enterprise.v3.admin.CommandRunnerImpl$2$1.run(CommandRunnerImpl.java:527)
	at com.sun.enterprise.v3.admin.CommandRunnerImpl$2$1.run(CommandRunnerImpl.java:523)
	at java.base/java.security.AccessController.doPrivileged(AccessController.java:391)
	at java.base/javax.security.auth.Subject.doAs(Subject.java:361)
	at com.sun.enterprise.v3.admin.CommandRunnerImpl$2.execute(CommandRunnerImpl.java:522)
	at com.sun.enterprise.v3.admin.CommandRunnerImpl.doCommand(CommandRunnerImpl.java:546)
	at com.sun.enterprise.v3.admin.CommandRunnerImpl.doCommand(CommandRunnerImpl.java:1423)
	at com.sun.enterprise.v3.admin.CommandRunnerImpl.access$1500(CommandRunnerImpl.java:108)
	at com.sun.enterprise.v3.admin.CommandRunnerImpl$ExecutionContext.execute(CommandRunnerImpl.java:1762)
	at com.sun.enterprise.v3.admin.CommandRunnerImpl$ExecutionContext.execute(CommandRunnerImpl.java:1674)
	at com.sun.enterprise.admin.cli.embeddable.DeployerImpl.deploy(DeployerImpl.java:133)
	at com.sun.enterprise.admin.cli.embeddable.DeployerImpl.deploy(DeployerImpl.java:109)
	at org.glassfish.ejb.embedded.EJBContainerImpl.deploy(EJBContainerImpl.java:138)
	at org.glassfish.ejb.embedded.EJBContainerProviderImpl.createEJBContainer(EJBContainerProviderImpl.java:134)
	at javax.ejb.embeddable.EJBContainer.createEJBContainer(EJBContainer.java:127)
	at javax.ejb.embeddable.EJBContainer.createEJBContainer(EJBContainer.java:102)
	at javaeetutorial.standalone.ejb.StandaloneBeanTest.setUp(StandaloneBeanTest.java:33)
	at java.base/jdk.internal.reflect.NativeMethodAccessorImpl.invoke0(Native Method)
	at java.base/jdk.internal.reflect.NativeMethodAccessorImpl.invoke(NativeMethodAccessorImpl.java:62)
	at java.base/jdk.internal.reflect.DelegatingMethodAccessorImpl.invoke(DelegatingMethodAccessorImpl.java:43)
	at java.base/java.lang.reflect.Method.invoke(Method.java:567)
	at org.junit.runners.model.FrameworkMethod$1.runReflectiveCall(FrameworkMethod.java:47)
	at org.junit.internal.runners.model.ReflectiveCallable.run(ReflectiveCallable.java:12)
	at org.junit.runners.model.FrameworkMethod.invokeExplosively(FrameworkMethod.java:44)
	at org.junit.internal.runners.statements.RunBefores.evaluate(RunBefores.java:24)
	at org.junit.internal.runners.statements.RunAfters.evaluate(RunAfters.java:27)
	at org.junit.runners.ParentRunner.runLeaf(ParentRunner.java:271)
	at org.junit.runners.BlockJUnit4ClassRunner.runChild(BlockJUnit4ClassRunner.java:70)
	at org.junit.runners.BlockJUnit4ClassRunner.runChild(BlockJUnit4ClassRunner.java:50)
	at org.junit.runners.ParentRunner$3.run(ParentRunner.java:238)
	at org.junit.runners.ParentRunner$1.schedule(ParentRunner.java:63)
	at org.junit.runners.ParentRunner.runChildren(ParentRunner.java:236)
	at org.junit.runners.ParentRunner.access$000(ParentRunner.java:53)
	at org.junit.runners.ParentRunner$2.evaluate(ParentRunner.java:229)
	at org.junit.runners.ParentRunner.run(ParentRunner.java:309)
	at org.apache.maven.surefire.junit4.JUnit4Provider.execute(JUnit4Provider.java:252)
	at org.apache.maven.surefire.junit4.JUnit4Provider.executeTestSet(JUnit4Provider.java:141)
	at org.apache.maven.surefire.junit4.JUnit4Provider.invoke(JUnit4Provider.java:112)
	at java.base/jdk.internal.reflect.NativeMethodAccessorImpl.invoke0(Native Method)
	at java.base/jdk.internal.reflect.NativeMethodAccessorImpl.invoke(NativeMethodAccessorImpl.java:62)
	at java.base/jdk.internal.reflect.DelegatingMethodAccessorImpl.invoke(DelegatingMethodAccessorImpl.java:43)
	at java.base/java.lang.reflect.Method.invoke(Method.java:567)
	at org.apache.maven.surefire.util.ReflectionUtils.invokeMethodWithArray(ReflectionUtils.java:189)
	at org.apache.maven.surefire.booter.ProviderFactory$ProviderProxy.invoke(ProviderFactory.java:165)
	at org.apache.maven.surefire.booter.ProviderFactory.invokeProvider(ProviderFactory.java:85)
	at org.apache.maven.surefire.booter.ForkedBooter.runSuitesInProcess(ForkedBooter.java:115)
	at org.apache.maven.surefire.booter.ForkedBooter.main(ForkedBooter.java:75)
Caused by: java.lang.ClassNotFoundException: sun.misc.BASE64Decoder
	at java.base/jdk.internal.loader.BuiltinClassLoader.loadClass(BuiltinClassLoader.java:604)
	at java.base/jdk.internal.loader.ClassLoaders$AppClassLoader.loadClass(ClassLoaders.java:178)
	at java.base/java.lang.ClassLoader.loadClass(ClassLoader.java:521)
	... 81 more

Oct 09, 2019 6:45:26 PM org.glassfish.ejb.embedded.EJBContainerProviderImpl createEJBContainer
INFO: [EJBContainerProviderImpl] Cleaning up on failure ...
Oct 09, 2019 6:45:26 PM org.glassfish.admin.mbeanserver.JMXStartupService shutdown
INFO: JMXStartupService and JMXConnectors have been shut down.
Oct 09, 2019 6:45:26 PM com.sun.enterprise.v3.server.AppServerStartup stop
INFO: Shutdown procedure finished
</system-err>
  </testcase>
</testsuite>