<?xml version="1.0" encoding="UTF-8"?>
<testng-results skipped="0" failed="0" total="8" passed="8">
  <reporter-output>
  </reporter-output>
  <suite name="SimpleUnitTests" duration-ms="847" started-at="2019-10-17T12:45:01Z" finished-at="2019-10-17T12:45:02Z">
    <groups>
    </groups>
    <test name="TestNG tests" duration-ms="847" started-at="2019-10-17T12:45:01Z" finished-at="2019-10-17T12:45:02Z">
      <class name="ch.unil.doplab.unit.CaesarNGTest">
        <test-method status="PASS" signature="setUpClass()[pri:0, instance:ch.unil.doplab.unit.CaesarNGTest@5f205aa]" name="setUpClass" is-config="true" duration-ms="35" started-at="2019-10-17T14:45:01Z" finished-at="2019-10-17T14:45:01Z">
          <reporter-output>
          </reporter-output>
        </test-method> <!-- setUpClass -->
        <test-method status="PASS" signature="setUpMethod()[pri:0, instance:ch.unil.doplab.unit.CaesarNGTest@5f205aa]" name="setUpMethod" is-config="true" duration-ms="1" started-at="2019-10-17T14:45:01Z" finished-at="2019-10-17T14:45:01Z">
          <reporter-output>
          </reporter-output>
        </test-method> <!-- setUpMethod -->
        <test-method status="PASS" signature="testDecodingWith_26()[pri:0, instance:ch.unil.doplab.unit.CaesarNGTest@5f205aa]" name="testDecodingWith_26" duration-ms="9" started-at="2019-10-17T14:45:01Z" finished-at="2019-10-17T14:45:01Z">
          <reporter-output>
          </reporter-output>
        </test-method> <!-- testDecodingWith_26 -->
        <test-method status="PASS" signature="tearDownMethod()[pri:0, instance:ch.unil.doplab.unit.CaesarNGTest@5f205aa]" name="tearDownMethod" is-config="true" duration-ms="0" started-at="2019-10-17T14:45:01Z" finished-at="2019-10-17T14:45:01Z">
          <reporter-output>
          </reporter-output>
        </test-method> <!-- tearDownMethod -->
        <test-method status="PASS" signature="setUpMethod()[pri:0, instance:ch.unil.doplab.unit.CaesarNGTest@5f205aa]" name="setUpMethod" is-config="true" duration-ms="0" started-at="2019-10-17T14:45:01Z" finished-at="2019-10-17T14:45:01Z">
          <reporter-output>
          </reporter-output>
        </test-method> <!-- setUpMethod -->
        <test-method status="PASS" signature="tearDownMethod()[pri:0, instance:ch.unil.doplab.unit.CaesarNGTest@5f205aa]" name="tearDownMethod" is-config="true" duration-ms="1" started-at="2019-10-17T14:45:01Z" finished-at="2019-10-17T14:45:01Z">
          <reporter-output>
          </reporter-output>
        </test-method> <!-- tearDownMethod -->
        <test-method status="PASS" signature="testDecodingWith_7()[pri:0, instance:ch.unil.doplab.unit.CaesarNGTest@5f205aa]" name="testDecodingWith_7" duration-ms="0" started-at="2019-10-17T14:45:01Z" finished-at="2019-10-17T14:45:01Z">
          <reporter-output>
          </reporter-output>
        </test-method> <!-- testDecodingWith_7 -->
        <test-method status="PASS" signature="setUpMethod()[pri:0, instance:ch.unil.doplab.unit.CaesarNGTest@5f205aa]" name="setUpMethod" is-config="true" duration-ms="1" started-at="2019-10-17T14:45:01Z" finished-at="2019-10-17T14:45:01Z">
          <reporter-output>
          </reporter-output>
        </test-method> <!-- setUpMethod -->
        <test-method status="PASS" signature="tearDownMethod()[pri:0, instance:ch.unil.doplab.unit.CaesarNGTest@5f205aa]" name="tearDownMethod" is-config="true" duration-ms="1" started-at="2019-10-17T14:45:01Z" finished-at="2019-10-17T14:45:01Z">
          <reporter-output>
          </reporter-output>
        </test-method> <!-- tearDownMethod -->
        <test-method status="PASS" signature="testEncodingWitch_26()[pri:0, instance:ch.unil.doplab.unit.CaesarNGTest@5f205aa]" name="testEncodingWitch_26" duration-ms="0" started-at="2019-10-17T14:45:01Z" finished-at="2019-10-17T14:45:01Z">
          <reporter-output>
          </reporter-output>
        </test-method> <!-- testEncodingWitch_26 -->
        <test-method status="PASS" signature="setUpMethod()[pri:0, instance:ch.unil.doplab.unit.CaesarNGTest@5f205aa]" name="setUpMethod" is-config="true" duration-ms="5" started-at="2019-10-17T14:45:01Z" finished-at="2019-10-17T14:45:01Z">
          <reporter-output>
          </reporter-output>
        </test-method> <!-- setUpMethod -->
        <test-method status="PASS" signature="testEncodingWith_7()[pri:0, instance:ch.unil.doplab.unit.CaesarNGTest@5f205aa]" name="testEncodingWith_7" duration-ms="4" started-at="2019-10-17T14:45:01Z" finished-at="2019-10-17T14:45:01Z">
          <reporter-output>
          </reporter-output>
        </test-method> <!-- testEncodingWith_7 -->
        <test-method status="PASS" signature="tearDownMethod()[pri:0, instance:ch.unil.doplab.unit.CaesarNGTest@5f205aa]" name="tearDownMethod" is-config="true" duration-ms="1" started-at="2019-10-17T14:45:01Z" finished-at="2019-10-17T14:45:01Z">
          <reporter-output>
          </reporter-output>
        </test-method> <!-- tearDownMethod -->
        <test-method status="PASS" signature="tearDownClass()[pri:0, instance:ch.unil.doplab.unit.CaesarNGTest@5f205aa]" name="tearDownClass" is-config="true" duration-ms="0" started-at="2019-10-17T14:45:01Z" finished-at="2019-10-17T14:45:01Z">
          <reporter-output>
          </reporter-output>
        </test-method> <!-- tearDownClass -->
      </class> <!-- ch.unil.doplab.unit.CaesarNGTest -->
      <class name="ch.unil.doplab.unit.ReadTextFileTest">
        <test-method status="PASS" signature="beforeClassAnnotation()[pri:0, instance:ch.unil.doplab.unit.ReadTextFileTest@2e5c649]" name="beforeClassAnnotation" is-config="true" duration-ms="231" started-at="2019-10-17T14:45:01Z" finished-at="2019-10-17T14:45:02Z">
          <reporter-output>
          </reporter-output>
        </test-method> <!-- beforeClassAnnotation -->
        <test-method status="PASS" signature="exceptionTest()[pri:0, instance:ch.unil.doplab.unit.ReadTextFileTest@2e5c649]" name="exceptionTest" duration-ms="1" started-at="2019-10-17T14:45:02Z" finished-at="2019-10-17T14:45:02Z">
          <exception class="java.lang.IndexOutOfBoundsException">
            <message>
              <![CDATA[Index: 5, Size: 4]]>
            </message>
            <full-stacktrace>
              <![CDATA[java.lang.IndexOutOfBoundsException: Index: 5, Size: 4
	at java.util.ArrayList.rangeCheck(ArrayList.java:657)
	at java.util.ArrayList.get(ArrayList.java:433)
	at ch.unil.doplab.unit.ReadTextFileTest.exceptionTest(ReadTextFileTest.java:77)
	at sun.reflect.NativeMethodAccessorImpl.invoke0(Native Method)
	at sun.reflect.NativeMethodAccessorImpl.invoke(NativeMethodAccessorImpl.java:62)
	at sun.reflect.DelegatingMethodAccessorImpl.invoke(DelegatingMethodAccessorImpl.java:43)
	at java.lang.reflect.Method.invoke(Method.java:498)
	at org.testng.internal.MethodInvocationHelper.invokeMethod(MethodInvocationHelper.java:80)
	at org.testng.internal.Invoker.invokeMethod(Invoker.java:715)
	at org.testng.internal.Invoker.invokeTestMethod(Invoker.java:907)
	at org.testng.internal.Invoker.invokeTestMethods(Invoker.java:1237)
	at org.testng.internal.TestMethodWorker.invokeTestMethods(TestMethodWorker.java:127)
	at org.testng.internal.TestMethodWorker.run(TestMethodWorker.java:111)
	at org.testng.TestRunner.privateRun(TestRunner.java:767)
	at org.testng.TestRunner.run(TestRunner.java:617)
	at org.testng.SuiteRunner.runTest(SuiteRunner.java:334)
	at org.testng.SuiteRunner.runSequentially(SuiteRunner.java:329)
	at org.testng.SuiteRunner.privateRun(SuiteRunner.java:291)
	at org.testng.SuiteRunner.run(SuiteRunner.java:240)
	at org.testng.SuiteRunnerWorker.runSuite(SuiteRunnerWorker.java:51)
	at org.testng.SuiteRunnerWorker.run(SuiteRunnerWorker.java:85)
	at org.testng.TestNG.runSuitesSequentially(TestNG.java:1197)
	at org.testng.TestNG.runSuitesLocally(TestNG.java:1122)
	at org.testng.TestNG.run(TestNG.java:1030)
	at org.testng.TestNG.privateMain(TestNG.java:1337)
	at org.testng.TestNG.main(TestNG.java:1306)
]]>
            </full-stacktrace>
          </exception> <!-- java.lang.IndexOutOfBoundsException -->
          <reporter-output>
          </reporter-output>
        </test-method> <!-- exceptionTest -->
        <test-method status="PASS" signature="expectingCorrectValue()[pri:0, instance:ch.unil.doplab.unit.ReadTextFileTest@2e5c649]" name="expectingCorrectValue" duration-ms="0" started-at="2019-10-17T14:45:02Z" finished-at="2019-10-17T14:45:02Z">
          <reporter-output>
          </reporter-output>
        </test-method> <!-- expectingCorrectValue -->
        <test-method status="PASS" signature="expectingWrongValue()[pri:0, instance:ch.unil.doplab.unit.ReadTextFileTest@2e5c649]" name="expectingWrongValue" duration-ms="1" started-at="2019-10-17T14:45:02Z" finished-at="2019-10-17T14:45:02Z">
          <reporter-output>
          </reporter-output>
        </test-method> <!-- expectingWrongValue -->
        <test-method status="PASS" signature="timeOutTest()[pri:0, instance:ch.unil.doplab.unit.ReadTextFileTest@2e5c649]" name="timeOutTest" duration-ms="522" started-at="2019-10-17T14:45:02Z" finished-at="2019-10-17T14:45:02Z">
          <reporter-output>
          </reporter-output>
        </test-method> <!-- timeOutTest -->
        <test-method status="PASS" signature="afterClassAnnotation()[pri:0, instance:ch.unil.doplab.unit.ReadTextFileTest@2e5c649]" name="afterClassAnnotation" is-config="true" duration-ms="1" started-at="2019-10-17T14:45:02Z" finished-at="2019-10-17T14:45:02Z">
          <reporter-output>
          </reporter-output>
        </test-method> <!-- afterClassAnnotation -->
      </class> <!-- ch.unil.doplab.unit.ReadTextFileTest -->
    </test> <!-- TestNG tests -->
  </suite> <!-- SimpleUnitTests -->
</testng-results>
